2021-11-05 13:39:07,685:INFO:Initializing load_model()
2021-11-05 13:39:07,686:INFO:load_model(model_name=Diabetes, platform=None, authentication=None, verbose=True)
2021-11-05 13:39:18,958:INFO:Initializing load_model()
2021-11-05 13:39:18,958:INFO:load_model(model_name=Diabetes, platform=None, authentication=None, verbose=True)
2021-11-05 13:39:19,194:INFO:Initializing predict_model()
2021-11-05 13:39:19,197:INFO:predict_model(estimator=Pipeline(steps=[('dtypes',
                 DataTypes_Auto_infer(ml_usecase='classification',
                                      target='Outcome')),
                ('imputer',
                 Simple_Imputer(categorical_strategy='not_available',
                                fill_value_categorical=None,
                                fill_value_numerical=None,
                                numeric_strategy='mean',
                                target_variable=None)),
                ('new_levels1',
                 New_Catagorical_Levels_in_TestData(replacement_strategy='least '
                                                                         'frequent',
                                                    tar...
                ('binn', 'passthrough'), ('rem_outliers', 'passthrough'),
                ('cluster_all', 'passthrough'),
                ('dummy', Dummify(target='Outcome')),
                ('fix_perfect', Remove_100(target='Outcome')),
                ('clean_names', Clean_Colum_Names()),
                ('feature_select', 'passthrough'), ('fix_multi', 'passthrough'),
                ('dfs', 'passthrough'), ('pca', 'passthrough'),
                ['trained_model',
                 RandomForestClassifier(n_jobs=-1, random_state=8789)]]), probability_threshold=None, encoded_labels=False, raw_score=False, round=4, verbose=True, ml_usecase=MLUsecase.CLASSIFICATION, display=None)
2021-11-05 13:39:19,203:INFO:Checking exceptions
2021-11-05 13:39:19,215:INFO:Preloading libraries
2021-11-05 21:25:32,629:INFO:Initializing load_model()
2021-11-05 21:25:32,630:INFO:load_model(model_name=Diabetes, platform=None, authentication=None, verbose=True)
2021-11-05 21:33:16,641:INFO:Initializing load_model()
2021-11-05 21:33:16,642:INFO:load_model(model_name=Diabetes, platform=None, authentication=None, verbose=True)
2021-11-05 21:33:33,380:INFO:Initializing load_model()
2021-11-05 21:33:33,381:INFO:load_model(model_name=Diabetes, platform=None, authentication=None, verbose=True)
2021-11-05 21:40:13,344:INFO:Initializing load_model()
2021-11-05 21:40:13,345:INFO:load_model(model_name=Diabetes, platform=None, authentication=None, verbose=True)
2021-11-05 21:45:17,772:INFO:Initializing load_model()
2021-11-05 21:45:17,772:INFO:load_model(model_name=Diabetes, platform=None, authentication=None, verbose=True)
2021-11-05 21:45:23,670:INFO:Initializing predict_model()
2021-11-05 21:45:23,670:INFO:predict_model(estimator=Pipeline(steps=[('dtypes',
                 DataTypes_Auto_infer(ml_usecase='classification',
                                      target='Outcome')),
                ('imputer',
                 Simple_Imputer(categorical_strategy='not_available',
                                fill_value_categorical=None,
                                fill_value_numerical=None,
                                numeric_strategy='mean',
                                target_variable=None)),
                ('new_levels1',
                 New_Catagorical_Levels_in_TestData(replacement_strategy='least '
                                                                         'frequent',
                                                    tar...
                ('binn', 'passthrough'), ('rem_outliers', 'passthrough'),
                ('cluster_all', 'passthrough'),
                ('dummy', Dummify(target='Outcome')),
                ('fix_perfect', Remove_100(target='Outcome')),
                ('clean_names', Clean_Colum_Names()),
                ('feature_select', 'passthrough'), ('fix_multi', 'passthrough'),
                ('dfs', 'passthrough'), ('pca', 'passthrough'),
                ['trained_model',
                 RandomForestClassifier(n_jobs=-1, random_state=8789)]]), probability_threshold=None, encoded_labels=False, raw_score=False, round=4, verbose=True, ml_usecase=MLUsecase.CLASSIFICATION, display=None)
2021-11-05 21:45:23,671:INFO:Checking exceptions
2021-11-05 21:45:23,672:INFO:Preloading libraries
2021-11-05 21:46:47,340:INFO:Initializing load_model()
2021-11-05 21:46:47,341:INFO:load_model(model_name=Diabetes, platform=None, authentication=None, verbose=True)
2021-11-05 21:46:47,428:INFO:Initializing predict_model()
2021-11-05 21:46:47,428:INFO:predict_model(estimator=Pipeline(steps=[('dtypes',
                 DataTypes_Auto_infer(ml_usecase='classification',
                                      target='Outcome')),
                ('imputer',
                 Simple_Imputer(categorical_strategy='not_available',
                                fill_value_categorical=None,
                                fill_value_numerical=None,
                                numeric_strategy='mean',
                                target_variable=None)),
                ('new_levels1',
                 New_Catagorical_Levels_in_TestData(replacement_strategy='least '
                                                                         'frequent',
                                                    tar...
                ('binn', 'passthrough'), ('rem_outliers', 'passthrough'),
                ('cluster_all', 'passthrough'),
                ('dummy', Dummify(target='Outcome')),
                ('fix_perfect', Remove_100(target='Outcome')),
                ('clean_names', Clean_Colum_Names()),
                ('feature_select', 'passthrough'), ('fix_multi', 'passthrough'),
                ('dfs', 'passthrough'), ('pca', 'passthrough'),
                ['trained_model',
                 RandomForestClassifier(n_jobs=-1, random_state=8789)]]), probability_threshold=None, encoded_labels=False, raw_score=False, round=4, verbose=True, ml_usecase=MLUsecase.CLASSIFICATION, display=None)
2021-11-05 21:46:47,430:INFO:Checking exceptions
2021-11-05 21:46:47,430:INFO:Preloading libraries
2021-11-05 23:15:09,919:INFO:Initializing load_model()
2021-11-05 23:15:09,920:INFO:load_model(model_name=Diabetes, platform=None, authentication=None, verbose=True)
2021-11-05 23:15:24,935:INFO:Initializing load_model()
2021-11-05 23:15:24,935:INFO:load_model(model_name=Diabetes, platform=None, authentication=None, verbose=True)
2021-11-05 23:15:30,257:INFO:Initializing load_model()
2021-11-05 23:15:30,258:INFO:load_model(model_name=Diabetes, platform=None, authentication=None, verbose=True)
2021-11-05 23:15:35,355:INFO:Initializing load_model()
2021-11-05 23:15:35,355:INFO:load_model(model_name=Diabetes, platform=None, authentication=None, verbose=True)
2021-11-05 23:15:38,124:INFO:Initializing load_model()
2021-11-05 23:15:38,124:INFO:load_model(model_name=Diabetes, platform=None, authentication=None, verbose=True)
2021-11-05 23:17:40,004:INFO:Initializing load_model()
2021-11-05 23:17:40,004:INFO:load_model(model_name=Diabetes, platform=None, authentication=None, verbose=True)
2021-11-05 23:17:44,789:INFO:Initializing load_model()
2021-11-05 23:17:44,790:INFO:load_model(model_name=Diabetes, platform=None, authentication=None, verbose=True)
2021-11-05 23:17:47,249:INFO:Initializing load_model()
2021-11-05 23:17:47,249:INFO:load_model(model_name=Diabetes, platform=None, authentication=None, verbose=True)
2021-11-05 23:17:51,203:INFO:Initializing load_model()
2021-11-05 23:17:51,203:INFO:load_model(model_name=Diabetes, platform=None, authentication=None, verbose=True)
2021-11-05 23:17:52,034:INFO:Initializing load_model()
2021-11-05 23:17:52,035:INFO:load_model(model_name=Diabetes, platform=None, authentication=None, verbose=True)
2021-11-05 23:17:52,146:INFO:Initializing predict_model()
2021-11-05 23:17:52,146:INFO:predict_model(estimator=Pipeline(steps=[('dtypes',
                 DataTypes_Auto_infer(ml_usecase='classification',
                                      target='Outcome')),
                ('imputer',
                 Simple_Imputer(categorical_strategy='not_available',
                                fill_value_categorical=None,
                                fill_value_numerical=None,
                                numeric_strategy='mean',
                                target_variable=None)),
                ('new_levels1',
                 New_Catagorical_Levels_in_TestData(replacement_strategy='least '
                                                                         'frequent',
                                                    tar...
                ('binn', 'passthrough'), ('rem_outliers', 'passthrough'),
                ('cluster_all', 'passthrough'),
                ('dummy', Dummify(target='Outcome')),
                ('fix_perfect', Remove_100(target='Outcome')),
                ('clean_names', Clean_Colum_Names()),
                ('feature_select', 'passthrough'), ('fix_multi', 'passthrough'),
                ('dfs', 'passthrough'), ('pca', 'passthrough'),
                ['trained_model',
                 RandomForestClassifier(n_jobs=-1, random_state=8789)]]), probability_threshold=None, encoded_labels=False, raw_score=False, round=4, verbose=True, ml_usecase=MLUsecase.CLASSIFICATION, display=None)
2021-11-05 23:17:52,150:INFO:Checking exceptions
2021-11-05 23:17:52,151:INFO:Preloading libraries
2021-11-05 23:18:46,665:INFO:Initializing load_model()
2021-11-05 23:18:46,666:INFO:load_model(model_name=Diabetes, platform=None, authentication=None, verbose=True)
2021-11-05 23:18:51,937:INFO:Initializing load_model()
2021-11-05 23:18:51,938:INFO:load_model(model_name=Diabetes, platform=None, authentication=None, verbose=True)
2021-11-05 23:18:56,010:INFO:Initializing load_model()
2021-11-05 23:18:56,011:INFO:load_model(model_name=Diabetes, platform=None, authentication=None, verbose=True)
2021-11-05 23:19:02,415:INFO:Initializing load_model()
2021-11-05 23:19:02,415:INFO:load_model(model_name=Diabetes, platform=None, authentication=None, verbose=True)
2021-11-05 23:19:07,851:INFO:Initializing load_model()
2021-11-05 23:19:07,852:INFO:load_model(model_name=Diabetes, platform=None, authentication=None, verbose=True)
2021-11-05 23:19:11,166:INFO:Initializing load_model()
2021-11-05 23:19:11,166:INFO:load_model(model_name=Diabetes, platform=None, authentication=None, verbose=True)
2021-11-05 23:19:44,207:INFO:Initializing load_model()
2021-11-05 23:19:44,209:INFO:load_model(model_name=Diabetes, platform=None, authentication=None, verbose=True)
2021-11-05 23:19:53,982:INFO:Initializing load_model()
2021-11-05 23:19:53,982:INFO:load_model(model_name=Diabetes, platform=None, authentication=None, verbose=True)
2021-11-05 23:19:58,405:INFO:Initializing load_model()
2021-11-05 23:19:58,406:INFO:load_model(model_name=Diabetes, platform=None, authentication=None, verbose=True)
2021-11-05 23:20:02,037:INFO:Initializing load_model()
2021-11-05 23:20:02,037:INFO:load_model(model_name=Diabetes, platform=None, authentication=None, verbose=True)
2021-11-05 23:20:06,096:INFO:Initializing load_model()
2021-11-05 23:20:06,096:INFO:load_model(model_name=Diabetes, platform=None, authentication=None, verbose=True)
2021-11-05 23:20:10,078:INFO:Initializing load_model()
2021-11-05 23:20:10,079:INFO:load_model(model_name=Diabetes, platform=None, authentication=None, verbose=True)
2021-11-05 23:20:16,741:INFO:Initializing load_model()
2021-11-05 23:20:16,742:INFO:load_model(model_name=Diabetes, platform=None, authentication=None, verbose=True)
2021-11-05 23:20:19,378:INFO:Initializing load_model()
2021-11-05 23:20:19,378:INFO:load_model(model_name=Diabetes, platform=None, authentication=None, verbose=True)
2021-11-05 23:20:24,399:INFO:Initializing load_model()
2021-11-05 23:20:24,400:INFO:load_model(model_name=Diabetes, platform=None, authentication=None, verbose=True)
2021-11-05 23:20:25,596:INFO:Initializing load_model()
2021-11-05 23:20:25,597:INFO:load_model(model_name=Diabetes, platform=None, authentication=None, verbose=True)
2021-11-05 23:20:25,743:INFO:Initializing predict_model()
2021-11-05 23:20:25,744:INFO:predict_model(estimator=Pipeline(steps=[('dtypes',
                 DataTypes_Auto_infer(ml_usecase='classification',
                                      target='Outcome')),
                ('imputer',
                 Simple_Imputer(categorical_strategy='not_available',
                                fill_value_categorical=None,
                                fill_value_numerical=None,
                                numeric_strategy='mean',
                                target_variable=None)),
                ('new_levels1',
                 New_Catagorical_Levels_in_TestData(replacement_strategy='least '
                                                                         'frequent',
                                                    tar...
                ('binn', 'passthrough'), ('rem_outliers', 'passthrough'),
                ('cluster_all', 'passthrough'),
                ('dummy', Dummify(target='Outcome')),
                ('fix_perfect', Remove_100(target='Outcome')),
                ('clean_names', Clean_Colum_Names()),
                ('feature_select', 'passthrough'), ('fix_multi', 'passthrough'),
                ('dfs', 'passthrough'), ('pca', 'passthrough'),
                ['trained_model',
                 RandomForestClassifier(n_jobs=-1, random_state=8789)]]), probability_threshold=None, encoded_labels=False, raw_score=False, round=4, verbose=True, ml_usecase=MLUsecase.CLASSIFICATION, display=None)
2021-11-05 23:20:25,849:INFO:Checking exceptions
2021-11-05 23:20:25,853:INFO:Preloading libraries
2023-10-28 21:55:25,074:WARNING:
'cuml' is a soft dependency and not included in the pycaret installation. Please run: `pip install cuml` to install.
2023-10-28 21:55:25,074:WARNING:
'cuml' is a soft dependency and not included in the pycaret installation. Please run: `pip install cuml` to install.
2023-10-28 21:55:25,074:WARNING:
'cuml' is a soft dependency and not included in the pycaret installation. Please run: `pip install cuml` to install.
2023-10-28 21:55:25,074:WARNING:
'cuml' is a soft dependency and not included in the pycaret installation. Please run: `pip install cuml` to install.
2023-10-28 21:55:36,063:INFO:Initializing load_model()
2023-10-28 21:55:36,064:INFO:load_model(model_name=Diabetes, platform=None, authentication=None, verbose=True)
2023-10-28 21:56:11,911:INFO:Initializing load_model()
2023-10-28 21:56:11,911:INFO:load_model(model_name=Diabetes, platform=None, authentication=None, verbose=True)
2023-10-28 21:56:11,965:WARNING:C:\Users\chamboko\Desktop\2\Diabetes\env\lib\site-packages\pycaret\internal\pipeline.py:139: UserWarning: Version mismatch:
current: {'deps_info': {'pip': '23.2.1', 'setuptools': '68.2.2', 'pycaret': '3.1.0', 'IPython': '8.16.1', 'ipywidgets': '8.1.1', 'tqdm': '4.66.1', 'numpy': '1.23.5', 'pandas': '1.5.3', 'jinja2': '3.1.2', 'scipy': '1.10.1', 'joblib': '1.3.2', 'sklearn': '1.2.2', 'pyod': '1.1.1', 'imblearn': '0.11.0', 'category_encoders': '2.6.2', 'lightgbm': '4.1.0', 'numba': '0.58.1', 'requests': '2.31.0', 'matplotlib': '3.8.0', 'scikitplot': '0.3.7', 'yellowbrick': '1.5', 'plotly': '5.18.0', 'plotly-resampler': 'Not installed', 'kaleido': '0.2.1', 'schemdraw': '0.15', 'statsmodels': '0.14.0', 'sktime': '0.21.1', 'tbats': '1.1.3', 'pmdarima': '2.0.4', 'psutil': '5.9.6', 'markupsafe': '2.1.3', 'pickle5': 'Not installed', 'cloudpickle': '3.0.0', 'deprecation': '2.1.0', 'xxhash': '3.4.1', 'wurlitzer': 'Not installed'}, 'python': {'version': '3.9.13', 'machine': 'AMD64'}}
pickle: {'deps_info': {'pip': '23.3', 'setuptools': '68.0.0', 'pycaret': '3.1.0', 'IPython': '8.12.3', 'ipywidgets': '8.1.1', 'tqdm': '4.66.1', 'numpy': '1.23.5', 'pandas': '1.5.3', 'jinja2': '3.1.2', 'scipy': '1.10.1', 'joblib': '1.3.2', 'sklearn': '1.2.2', 'pyod': '1.1.1', 'imblearn': '0.11.0', 'category_encoders': '2.6.2', 'lightgbm': '4.1.0', 'numba': '0.58.1', 'requests': '2.31.0', 'matplotlib': '3.7.3', 'scikitplot': '0.3.7', 'yellowbrick': '1.5', 'plotly': '5.18.0', 'plotly-resampler': 'Not installed', 'kaleido': '0.2.1', 'schemdraw': '0.15', 'statsmodels': '0.14.0', 'sktime': '0.21.1', 'tbats': '1.1.3', 'pmdarima': '2.0.4', 'psutil': '5.9.6', 'markupsafe': '2.1.3', 'pickle5': 'Not installed', 'cloudpickle': '3.0.0', 'deprecation': '2.1.0', 'xxhash': '3.4.1', 'wurlitzer': 'Not installed'}, 'python': {'version': '3.8.18', 'machine': 'AMD64'}}
  warnings.warn(

2023-10-28 21:56:16,320:INFO:Initializing load_model()
2023-10-28 21:56:16,320:INFO:load_model(model_name=Diabetes, platform=None, authentication=None, verbose=True)
2023-10-28 21:56:16,322:WARNING:C:\Users\chamboko\Desktop\2\Diabetes\env\lib\site-packages\pycaret\internal\pipeline.py:139: UserWarning: Version mismatch:
current: {'deps_info': {'pip': '23.2.1', 'setuptools': '68.2.2', 'pycaret': '3.1.0', 'IPython': '8.16.1', 'ipywidgets': '8.1.1', 'tqdm': '4.66.1', 'numpy': '1.23.5', 'pandas': '1.5.3', 'jinja2': '3.1.2', 'scipy': '1.10.1', 'joblib': '1.3.2', 'sklearn': '1.2.2', 'pyod': '1.1.1', 'imblearn': '0.11.0', 'category_encoders': '2.6.2', 'lightgbm': '4.1.0', 'numba': '0.58.1', 'requests': '2.31.0', 'matplotlib': '3.8.0', 'scikitplot': '0.3.7', 'yellowbrick': '1.5', 'plotly': '5.18.0', 'plotly-resampler': 'Not installed', 'kaleido': '0.2.1', 'schemdraw': '0.15', 'statsmodels': '0.14.0', 'sktime': '0.21.1', 'tbats': '1.1.3', 'pmdarima': '2.0.4', 'psutil': '5.9.6', 'markupsafe': '2.1.3', 'pickle5': 'Not installed', 'cloudpickle': '3.0.0', 'deprecation': '2.1.0', 'xxhash': '3.4.1', 'wurlitzer': 'Not installed'}, 'python': {'version': '3.9.13', 'machine': 'AMD64'}}
pickle: {'deps_info': {'pip': '23.3', 'setuptools': '68.0.0', 'pycaret': '3.1.0', 'IPython': '8.12.3', 'ipywidgets': '8.1.1', 'tqdm': '4.66.1', 'numpy': '1.23.5', 'pandas': '1.5.3', 'jinja2': '3.1.2', 'scipy': '1.10.1', 'joblib': '1.3.2', 'sklearn': '1.2.2', 'pyod': '1.1.1', 'imblearn': '0.11.0', 'category_encoders': '2.6.2', 'lightgbm': '4.1.0', 'numba': '0.58.1', 'requests': '2.31.0', 'matplotlib': '3.7.3', 'scikitplot': '0.3.7', 'yellowbrick': '1.5', 'plotly': '5.18.0', 'plotly-resampler': 'Not installed', 'kaleido': '0.2.1', 'schemdraw': '0.15', 'statsmodels': '0.14.0', 'sktime': '0.21.1', 'tbats': '1.1.3', 'pmdarima': '2.0.4', 'psutil': '5.9.6', 'markupsafe': '2.1.3', 'pickle5': 'Not installed', 'cloudpickle': '3.0.0', 'deprecation': '2.1.0', 'xxhash': '3.4.1', 'wurlitzer': 'Not installed'}, 'python': {'version': '3.8.18', 'machine': 'AMD64'}}
  warnings.warn(

2023-10-28 21:56:17,398:INFO:Initializing load_model()
2023-10-28 21:56:17,398:INFO:load_model(model_name=Diabetes, platform=None, authentication=None, verbose=True)
2023-10-28 21:56:17,400:WARNING:C:\Users\chamboko\Desktop\2\Diabetes\env\lib\site-packages\pycaret\internal\pipeline.py:139: UserWarning: Version mismatch:
current: {'deps_info': {'pip': '23.2.1', 'setuptools': '68.2.2', 'pycaret': '3.1.0', 'IPython': '8.16.1', 'ipywidgets': '8.1.1', 'tqdm': '4.66.1', 'numpy': '1.23.5', 'pandas': '1.5.3', 'jinja2': '3.1.2', 'scipy': '1.10.1', 'joblib': '1.3.2', 'sklearn': '1.2.2', 'pyod': '1.1.1', 'imblearn': '0.11.0', 'category_encoders': '2.6.2', 'lightgbm': '4.1.0', 'numba': '0.58.1', 'requests': '2.31.0', 'matplotlib': '3.8.0', 'scikitplot': '0.3.7', 'yellowbrick': '1.5', 'plotly': '5.18.0', 'plotly-resampler': 'Not installed', 'kaleido': '0.2.1', 'schemdraw': '0.15', 'statsmodels': '0.14.0', 'sktime': '0.21.1', 'tbats': '1.1.3', 'pmdarima': '2.0.4', 'psutil': '5.9.6', 'markupsafe': '2.1.3', 'pickle5': 'Not installed', 'cloudpickle': '3.0.0', 'deprecation': '2.1.0', 'xxhash': '3.4.1', 'wurlitzer': 'Not installed'}, 'python': {'version': '3.9.13', 'machine': 'AMD64'}}
pickle: {'deps_info': {'pip': '23.3', 'setuptools': '68.0.0', 'pycaret': '3.1.0', 'IPython': '8.12.3', 'ipywidgets': '8.1.1', 'tqdm': '4.66.1', 'numpy': '1.23.5', 'pandas': '1.5.3', 'jinja2': '3.1.2', 'scipy': '1.10.1', 'joblib': '1.3.2', 'sklearn': '1.2.2', 'pyod': '1.1.1', 'imblearn': '0.11.0', 'category_encoders': '2.6.2', 'lightgbm': '4.1.0', 'numba': '0.58.1', 'requests': '2.31.0', 'matplotlib': '3.7.3', 'scikitplot': '0.3.7', 'yellowbrick': '1.5', 'plotly': '5.18.0', 'plotly-resampler': 'Not installed', 'kaleido': '0.2.1', 'schemdraw': '0.15', 'statsmodels': '0.14.0', 'sktime': '0.21.1', 'tbats': '1.1.3', 'pmdarima': '2.0.4', 'psutil': '5.9.6', 'markupsafe': '2.1.3', 'pickle5': 'Not installed', 'cloudpickle': '3.0.0', 'deprecation': '2.1.0', 'xxhash': '3.4.1', 'wurlitzer': 'Not installed'}, 'python': {'version': '3.8.18', 'machine': 'AMD64'}}
  warnings.warn(

2023-10-28 21:56:18,320:INFO:Initializing load_model()
2023-10-28 21:56:18,320:INFO:load_model(model_name=Diabetes, platform=None, authentication=None, verbose=True)
2023-10-28 21:56:18,322:WARNING:C:\Users\chamboko\Desktop\2\Diabetes\env\lib\site-packages\pycaret\internal\pipeline.py:139: UserWarning: Version mismatch:
current: {'deps_info': {'pip': '23.2.1', 'setuptools': '68.2.2', 'pycaret': '3.1.0', 'IPython': '8.16.1', 'ipywidgets': '8.1.1', 'tqdm': '4.66.1', 'numpy': '1.23.5', 'pandas': '1.5.3', 'jinja2': '3.1.2', 'scipy': '1.10.1', 'joblib': '1.3.2', 'sklearn': '1.2.2', 'pyod': '1.1.1', 'imblearn': '0.11.0', 'category_encoders': '2.6.2', 'lightgbm': '4.1.0', 'numba': '0.58.1', 'requests': '2.31.0', 'matplotlib': '3.8.0', 'scikitplot': '0.3.7', 'yellowbrick': '1.5', 'plotly': '5.18.0', 'plotly-resampler': 'Not installed', 'kaleido': '0.2.1', 'schemdraw': '0.15', 'statsmodels': '0.14.0', 'sktime': '0.21.1', 'tbats': '1.1.3', 'pmdarima': '2.0.4', 'psutil': '5.9.6', 'markupsafe': '2.1.3', 'pickle5': 'Not installed', 'cloudpickle': '3.0.0', 'deprecation': '2.1.0', 'xxhash': '3.4.1', 'wurlitzer': 'Not installed'}, 'python': {'version': '3.9.13', 'machine': 'AMD64'}}
pickle: {'deps_info': {'pip': '23.3', 'setuptools': '68.0.0', 'pycaret': '3.1.0', 'IPython': '8.12.3', 'ipywidgets': '8.1.1', 'tqdm': '4.66.1', 'numpy': '1.23.5', 'pandas': '1.5.3', 'jinja2': '3.1.2', 'scipy': '1.10.1', 'joblib': '1.3.2', 'sklearn': '1.2.2', 'pyod': '1.1.1', 'imblearn': '0.11.0', 'category_encoders': '2.6.2', 'lightgbm': '4.1.0', 'numba': '0.58.1', 'requests': '2.31.0', 'matplotlib': '3.7.3', 'scikitplot': '0.3.7', 'yellowbrick': '1.5', 'plotly': '5.18.0', 'plotly-resampler': 'Not installed', 'kaleido': '0.2.1', 'schemdraw': '0.15', 'statsmodels': '0.14.0', 'sktime': '0.21.1', 'tbats': '1.1.3', 'pmdarima': '2.0.4', 'psutil': '5.9.6', 'markupsafe': '2.1.3', 'pickle5': 'Not installed', 'cloudpickle': '3.0.0', 'deprecation': '2.1.0', 'xxhash': '3.4.1', 'wurlitzer': 'Not installed'}, 'python': {'version': '3.8.18', 'machine': 'AMD64'}}
  warnings.warn(

2023-10-28 21:56:19,231:INFO:Initializing load_model()
2023-10-28 21:56:19,231:INFO:load_model(model_name=Diabetes, platform=None, authentication=None, verbose=True)
2023-10-28 21:56:19,232:WARNING:C:\Users\chamboko\Desktop\2\Diabetes\env\lib\site-packages\pycaret\internal\pipeline.py:139: UserWarning: Version mismatch:
current: {'deps_info': {'pip': '23.2.1', 'setuptools': '68.2.2', 'pycaret': '3.1.0', 'IPython': '8.16.1', 'ipywidgets': '8.1.1', 'tqdm': '4.66.1', 'numpy': '1.23.5', 'pandas': '1.5.3', 'jinja2': '3.1.2', 'scipy': '1.10.1', 'joblib': '1.3.2', 'sklearn': '1.2.2', 'pyod': '1.1.1', 'imblearn': '0.11.0', 'category_encoders': '2.6.2', 'lightgbm': '4.1.0', 'numba': '0.58.1', 'requests': '2.31.0', 'matplotlib': '3.8.0', 'scikitplot': '0.3.7', 'yellowbrick': '1.5', 'plotly': '5.18.0', 'plotly-resampler': 'Not installed', 'kaleido': '0.2.1', 'schemdraw': '0.15', 'statsmodels': '0.14.0', 'sktime': '0.21.1', 'tbats': '1.1.3', 'pmdarima': '2.0.4', 'psutil': '5.9.6', 'markupsafe': '2.1.3', 'pickle5': 'Not installed', 'cloudpickle': '3.0.0', 'deprecation': '2.1.0', 'xxhash': '3.4.1', 'wurlitzer': 'Not installed'}, 'python': {'version': '3.9.13', 'machine': 'AMD64'}}
pickle: {'deps_info': {'pip': '23.3', 'setuptools': '68.0.0', 'pycaret': '3.1.0', 'IPython': '8.12.3', 'ipywidgets': '8.1.1', 'tqdm': '4.66.1', 'numpy': '1.23.5', 'pandas': '1.5.3', 'jinja2': '3.1.2', 'scipy': '1.10.1', 'joblib': '1.3.2', 'sklearn': '1.2.2', 'pyod': '1.1.1', 'imblearn': '0.11.0', 'category_encoders': '2.6.2', 'lightgbm': '4.1.0', 'numba': '0.58.1', 'requests': '2.31.0', 'matplotlib': '3.7.3', 'scikitplot': '0.3.7', 'yellowbrick': '1.5', 'plotly': '5.18.0', 'plotly-resampler': 'Not installed', 'kaleido': '0.2.1', 'schemdraw': '0.15', 'statsmodels': '0.14.0', 'sktime': '0.21.1', 'tbats': '1.1.3', 'pmdarima': '2.0.4', 'psutil': '5.9.6', 'markupsafe': '2.1.3', 'pickle5': 'Not installed', 'cloudpickle': '3.0.0', 'deprecation': '2.1.0', 'xxhash': '3.4.1', 'wurlitzer': 'Not installed'}, 'python': {'version': '3.8.18', 'machine': 'AMD64'}}
  warnings.warn(

2023-10-28 21:56:20,064:INFO:Initializing load_model()
2023-10-28 21:56:20,064:INFO:load_model(model_name=Diabetes, platform=None, authentication=None, verbose=True)
2023-10-28 21:56:20,066:WARNING:C:\Users\chamboko\Desktop\2\Diabetes\env\lib\site-packages\pycaret\internal\pipeline.py:139: UserWarning: Version mismatch:
current: {'deps_info': {'pip': '23.2.1', 'setuptools': '68.2.2', 'pycaret': '3.1.0', 'IPython': '8.16.1', 'ipywidgets': '8.1.1', 'tqdm': '4.66.1', 'numpy': '1.23.5', 'pandas': '1.5.3', 'jinja2': '3.1.2', 'scipy': '1.10.1', 'joblib': '1.3.2', 'sklearn': '1.2.2', 'pyod': '1.1.1', 'imblearn': '0.11.0', 'category_encoders': '2.6.2', 'lightgbm': '4.1.0', 'numba': '0.58.1', 'requests': '2.31.0', 'matplotlib': '3.8.0', 'scikitplot': '0.3.7', 'yellowbrick': '1.5', 'plotly': '5.18.0', 'plotly-resampler': 'Not installed', 'kaleido': '0.2.1', 'schemdraw': '0.15', 'statsmodels': '0.14.0', 'sktime': '0.21.1', 'tbats': '1.1.3', 'pmdarima': '2.0.4', 'psutil': '5.9.6', 'markupsafe': '2.1.3', 'pickle5': 'Not installed', 'cloudpickle': '3.0.0', 'deprecation': '2.1.0', 'xxhash': '3.4.1', 'wurlitzer': 'Not installed'}, 'python': {'version': '3.9.13', 'machine': 'AMD64'}}
pickle: {'deps_info': {'pip': '23.3', 'setuptools': '68.0.0', 'pycaret': '3.1.0', 'IPython': '8.12.3', 'ipywidgets': '8.1.1', 'tqdm': '4.66.1', 'numpy': '1.23.5', 'pandas': '1.5.3', 'jinja2': '3.1.2', 'scipy': '1.10.1', 'joblib': '1.3.2', 'sklearn': '1.2.2', 'pyod': '1.1.1', 'imblearn': '0.11.0', 'category_encoders': '2.6.2', 'lightgbm': '4.1.0', 'numba': '0.58.1', 'requests': '2.31.0', 'matplotlib': '3.7.3', 'scikitplot': '0.3.7', 'yellowbrick': '1.5', 'plotly': '5.18.0', 'plotly-resampler': 'Not installed', 'kaleido': '0.2.1', 'schemdraw': '0.15', 'statsmodels': '0.14.0', 'sktime': '0.21.1', 'tbats': '1.1.3', 'pmdarima': '2.0.4', 'psutil': '5.9.6', 'markupsafe': '2.1.3', 'pickle5': 'Not installed', 'cloudpickle': '3.0.0', 'deprecation': '2.1.0', 'xxhash': '3.4.1', 'wurlitzer': 'Not installed'}, 'python': {'version': '3.8.18', 'machine': 'AMD64'}}
  warnings.warn(

2023-10-28 21:56:20,767:INFO:Initializing load_model()
2023-10-28 21:56:20,767:INFO:load_model(model_name=Diabetes, platform=None, authentication=None, verbose=True)
2023-10-28 21:56:20,768:WARNING:C:\Users\chamboko\Desktop\2\Diabetes\env\lib\site-packages\pycaret\internal\pipeline.py:139: UserWarning: Version mismatch:
current: {'deps_info': {'pip': '23.2.1', 'setuptools': '68.2.2', 'pycaret': '3.1.0', 'IPython': '8.16.1', 'ipywidgets': '8.1.1', 'tqdm': '4.66.1', 'numpy': '1.23.5', 'pandas': '1.5.3', 'jinja2': '3.1.2', 'scipy': '1.10.1', 'joblib': '1.3.2', 'sklearn': '1.2.2', 'pyod': '1.1.1', 'imblearn': '0.11.0', 'category_encoders': '2.6.2', 'lightgbm': '4.1.0', 'numba': '0.58.1', 'requests': '2.31.0', 'matplotlib': '3.8.0', 'scikitplot': '0.3.7', 'yellowbrick': '1.5', 'plotly': '5.18.0', 'plotly-resampler': 'Not installed', 'kaleido': '0.2.1', 'schemdraw': '0.15', 'statsmodels': '0.14.0', 'sktime': '0.21.1', 'tbats': '1.1.3', 'pmdarima': '2.0.4', 'psutil': '5.9.6', 'markupsafe': '2.1.3', 'pickle5': 'Not installed', 'cloudpickle': '3.0.0', 'deprecation': '2.1.0', 'xxhash': '3.4.1', 'wurlitzer': 'Not installed'}, 'python': {'version': '3.9.13', 'machine': 'AMD64'}}
pickle: {'deps_info': {'pip': '23.3', 'setuptools': '68.0.0', 'pycaret': '3.1.0', 'IPython': '8.12.3', 'ipywidgets': '8.1.1', 'tqdm': '4.66.1', 'numpy': '1.23.5', 'pandas': '1.5.3', 'jinja2': '3.1.2', 'scipy': '1.10.1', 'joblib': '1.3.2', 'sklearn': '1.2.2', 'pyod': '1.1.1', 'imblearn': '0.11.0', 'category_encoders': '2.6.2', 'lightgbm': '4.1.0', 'numba': '0.58.1', 'requests': '2.31.0', 'matplotlib': '3.7.3', 'scikitplot': '0.3.7', 'yellowbrick': '1.5', 'plotly': '5.18.0', 'plotly-resampler': 'Not installed', 'kaleido': '0.2.1', 'schemdraw': '0.15', 'statsmodels': '0.14.0', 'sktime': '0.21.1', 'tbats': '1.1.3', 'pmdarima': '2.0.4', 'psutil': '5.9.6', 'markupsafe': '2.1.3', 'pickle5': 'Not installed', 'cloudpickle': '3.0.0', 'deprecation': '2.1.0', 'xxhash': '3.4.1', 'wurlitzer': 'Not installed'}, 'python': {'version': '3.8.18', 'machine': 'AMD64'}}
  warnings.warn(

2023-10-28 21:56:21,715:INFO:Initializing load_model()
2023-10-28 21:56:21,715:INFO:load_model(model_name=Diabetes, platform=None, authentication=None, verbose=True)
2023-10-28 21:56:21,716:WARNING:C:\Users\chamboko\Desktop\2\Diabetes\env\lib\site-packages\pycaret\internal\pipeline.py:139: UserWarning: Version mismatch:
current: {'deps_info': {'pip': '23.2.1', 'setuptools': '68.2.2', 'pycaret': '3.1.0', 'IPython': '8.16.1', 'ipywidgets': '8.1.1', 'tqdm': '4.66.1', 'numpy': '1.23.5', 'pandas': '1.5.3', 'jinja2': '3.1.2', 'scipy': '1.10.1', 'joblib': '1.3.2', 'sklearn': '1.2.2', 'pyod': '1.1.1', 'imblearn': '0.11.0', 'category_encoders': '2.6.2', 'lightgbm': '4.1.0', 'numba': '0.58.1', 'requests': '2.31.0', 'matplotlib': '3.8.0', 'scikitplot': '0.3.7', 'yellowbrick': '1.5', 'plotly': '5.18.0', 'plotly-resampler': 'Not installed', 'kaleido': '0.2.1', 'schemdraw': '0.15', 'statsmodels': '0.14.0', 'sktime': '0.21.1', 'tbats': '1.1.3', 'pmdarima': '2.0.4', 'psutil': '5.9.6', 'markupsafe': '2.1.3', 'pickle5': 'Not installed', 'cloudpickle': '3.0.0', 'deprecation': '2.1.0', 'xxhash': '3.4.1', 'wurlitzer': 'Not installed'}, 'python': {'version': '3.9.13', 'machine': 'AMD64'}}
pickle: {'deps_info': {'pip': '23.3', 'setuptools': '68.0.0', 'pycaret': '3.1.0', 'IPython': '8.12.3', 'ipywidgets': '8.1.1', 'tqdm': '4.66.1', 'numpy': '1.23.5', 'pandas': '1.5.3', 'jinja2': '3.1.2', 'scipy': '1.10.1', 'joblib': '1.3.2', 'sklearn': '1.2.2', 'pyod': '1.1.1', 'imblearn': '0.11.0', 'category_encoders': '2.6.2', 'lightgbm': '4.1.0', 'numba': '0.58.1', 'requests': '2.31.0', 'matplotlib': '3.7.3', 'scikitplot': '0.3.7', 'yellowbrick': '1.5', 'plotly': '5.18.0', 'plotly-resampler': 'Not installed', 'kaleido': '0.2.1', 'schemdraw': '0.15', 'statsmodels': '0.14.0', 'sktime': '0.21.1', 'tbats': '1.1.3', 'pmdarima': '2.0.4', 'psutil': '5.9.6', 'markupsafe': '2.1.3', 'pickle5': 'Not installed', 'cloudpickle': '3.0.0', 'deprecation': '2.1.0', 'xxhash': '3.4.1', 'wurlitzer': 'Not installed'}, 'python': {'version': '3.8.18', 'machine': 'AMD64'}}
  warnings.warn(

2023-10-28 21:56:22,440:INFO:Initializing load_model()
2023-10-28 21:56:22,440:INFO:load_model(model_name=Diabetes, platform=None, authentication=None, verbose=True)
2023-10-28 21:56:22,442:WARNING:C:\Users\chamboko\Desktop\2\Diabetes\env\lib\site-packages\pycaret\internal\pipeline.py:139: UserWarning: Version mismatch:
current: {'deps_info': {'pip': '23.2.1', 'setuptools': '68.2.2', 'pycaret': '3.1.0', 'IPython': '8.16.1', 'ipywidgets': '8.1.1', 'tqdm': '4.66.1', 'numpy': '1.23.5', 'pandas': '1.5.3', 'jinja2': '3.1.2', 'scipy': '1.10.1', 'joblib': '1.3.2', 'sklearn': '1.2.2', 'pyod': '1.1.1', 'imblearn': '0.11.0', 'category_encoders': '2.6.2', 'lightgbm': '4.1.0', 'numba': '0.58.1', 'requests': '2.31.0', 'matplotlib': '3.8.0', 'scikitplot': '0.3.7', 'yellowbrick': '1.5', 'plotly': '5.18.0', 'plotly-resampler': 'Not installed', 'kaleido': '0.2.1', 'schemdraw': '0.15', 'statsmodels': '0.14.0', 'sktime': '0.21.1', 'tbats': '1.1.3', 'pmdarima': '2.0.4', 'psutil': '5.9.6', 'markupsafe': '2.1.3', 'pickle5': 'Not installed', 'cloudpickle': '3.0.0', 'deprecation': '2.1.0', 'xxhash': '3.4.1', 'wurlitzer': 'Not installed'}, 'python': {'version': '3.9.13', 'machine': 'AMD64'}}
pickle: {'deps_info': {'pip': '23.3', 'setuptools': '68.0.0', 'pycaret': '3.1.0', 'IPython': '8.12.3', 'ipywidgets': '8.1.1', 'tqdm': '4.66.1', 'numpy': '1.23.5', 'pandas': '1.5.3', 'jinja2': '3.1.2', 'scipy': '1.10.1', 'joblib': '1.3.2', 'sklearn': '1.2.2', 'pyod': '1.1.1', 'imblearn': '0.11.0', 'category_encoders': '2.6.2', 'lightgbm': '4.1.0', 'numba': '0.58.1', 'requests': '2.31.0', 'matplotlib': '3.7.3', 'scikitplot': '0.3.7', 'yellowbrick': '1.5', 'plotly': '5.18.0', 'plotly-resampler': 'Not installed', 'kaleido': '0.2.1', 'schemdraw': '0.15', 'statsmodels': '0.14.0', 'sktime': '0.21.1', 'tbats': '1.1.3', 'pmdarima': '2.0.4', 'psutil': '5.9.6', 'markupsafe': '2.1.3', 'pickle5': 'Not installed', 'cloudpickle': '3.0.0', 'deprecation': '2.1.0', 'xxhash': '3.4.1', 'wurlitzer': 'Not installed'}, 'python': {'version': '3.8.18', 'machine': 'AMD64'}}
  warnings.warn(

2023-10-28 21:56:23,496:INFO:Initializing load_model()
2023-10-28 21:56:23,496:INFO:load_model(model_name=Diabetes, platform=None, authentication=None, verbose=True)
2023-10-28 21:56:23,498:WARNING:C:\Users\chamboko\Desktop\2\Diabetes\env\lib\site-packages\pycaret\internal\pipeline.py:139: UserWarning: Version mismatch:
current: {'deps_info': {'pip': '23.2.1', 'setuptools': '68.2.2', 'pycaret': '3.1.0', 'IPython': '8.16.1', 'ipywidgets': '8.1.1', 'tqdm': '4.66.1', 'numpy': '1.23.5', 'pandas': '1.5.3', 'jinja2': '3.1.2', 'scipy': '1.10.1', 'joblib': '1.3.2', 'sklearn': '1.2.2', 'pyod': '1.1.1', 'imblearn': '0.11.0', 'category_encoders': '2.6.2', 'lightgbm': '4.1.0', 'numba': '0.58.1', 'requests': '2.31.0', 'matplotlib': '3.8.0', 'scikitplot': '0.3.7', 'yellowbrick': '1.5', 'plotly': '5.18.0', 'plotly-resampler': 'Not installed', 'kaleido': '0.2.1', 'schemdraw': '0.15', 'statsmodels': '0.14.0', 'sktime': '0.21.1', 'tbats': '1.1.3', 'pmdarima': '2.0.4', 'psutil': '5.9.6', 'markupsafe': '2.1.3', 'pickle5': 'Not installed', 'cloudpickle': '3.0.0', 'deprecation': '2.1.0', 'xxhash': '3.4.1', 'wurlitzer': 'Not installed'}, 'python': {'version': '3.9.13', 'machine': 'AMD64'}}
pickle: {'deps_info': {'pip': '23.3', 'setuptools': '68.0.0', 'pycaret': '3.1.0', 'IPython': '8.12.3', 'ipywidgets': '8.1.1', 'tqdm': '4.66.1', 'numpy': '1.23.5', 'pandas': '1.5.3', 'jinja2': '3.1.2', 'scipy': '1.10.1', 'joblib': '1.3.2', 'sklearn': '1.2.2', 'pyod': '1.1.1', 'imblearn': '0.11.0', 'category_encoders': '2.6.2', 'lightgbm': '4.1.0', 'numba': '0.58.1', 'requests': '2.31.0', 'matplotlib': '3.7.3', 'scikitplot': '0.3.7', 'yellowbrick': '1.5', 'plotly': '5.18.0', 'plotly-resampler': 'Not installed', 'kaleido': '0.2.1', 'schemdraw': '0.15', 'statsmodels': '0.14.0', 'sktime': '0.21.1', 'tbats': '1.1.3', 'pmdarima': '2.0.4', 'psutil': '5.9.6', 'markupsafe': '2.1.3', 'pickle5': 'Not installed', 'cloudpickle': '3.0.0', 'deprecation': '2.1.0', 'xxhash': '3.4.1', 'wurlitzer': 'Not installed'}, 'python': {'version': '3.8.18', 'machine': 'AMD64'}}
  warnings.warn(

2023-10-28 21:56:23,512:INFO:Initializing predict_model()
2023-10-28 21:56:23,512:INFO:predict_model(self=<pycaret.classification.oop.ClassificationExperiment object at 0x0000017FF75F7430>, estimator=Pipeline(memory=Memory(location=None),
         steps=[('numerical_imputer',
                 TransformerWrapper(include=['Pregnancies', 'Glucose',
                                             'BloodPressure', 'SkinThickness',
                                             'Insulin', 'BMI',
                                             'DiabetesPedigreeFunction',
                                             'Age'],
                                    transformer=SimpleImputer())),
                ('categorical_imputer',
                 TransformerWrapper(include=[],
                                    transformer=SimpleImputer(strategy='most_frequent'))),
                ('trained_model',
                 LogisticRegression(max_iter=1000, random_state=8789))]), probability_threshold=None, encoded_labels=False, raw_score=False, round=4, verbose=True, ml_usecase=None, preprocess=True, encode_labels=<function _SupervisedExperiment.predict_model.<locals>.encode_labels at 0x0000017FF77EF430>)
2023-10-28 21:56:23,512:INFO:Checking exceptions
2023-10-28 21:56:23,512:INFO:Preloading libraries
2023-10-28 21:56:23,513:INFO:Set up data.
2023-10-28 21:56:23,518:INFO:Set up index.
2023-10-28 21:56:54,424:INFO:Initializing load_model()
2023-10-28 21:56:54,424:INFO:load_model(model_name=Diabetes, platform=None, authentication=None, verbose=True)
2023-10-28 21:56:54,427:WARNING:C:\Users\chamboko\Desktop\2\Diabetes\env\lib\site-packages\pycaret\internal\pipeline.py:139: UserWarning: Version mismatch:
current: {'deps_info': {'pip': '23.2.1', 'setuptools': '68.2.2', 'pycaret': '3.1.0', 'IPython': '8.16.1', 'ipywidgets': '8.1.1', 'tqdm': '4.66.1', 'numpy': '1.23.5', 'pandas': '1.5.3', 'jinja2': '3.1.2', 'scipy': '1.10.1', 'joblib': '1.3.2', 'sklearn': '1.2.2', 'pyod': '1.1.1', 'imblearn': '0.11.0', 'category_encoders': '2.6.2', 'lightgbm': '4.1.0', 'numba': '0.58.1', 'requests': '2.31.0', 'matplotlib': '3.8.0', 'scikitplot': '0.3.7', 'yellowbrick': '1.5', 'plotly': '5.18.0', 'plotly-resampler': 'Not installed', 'kaleido': '0.2.1', 'schemdraw': '0.15', 'statsmodels': '0.14.0', 'sktime': '0.21.1', 'tbats': '1.1.3', 'pmdarima': '2.0.4', 'psutil': '5.9.6', 'markupsafe': '2.1.3', 'pickle5': 'Not installed', 'cloudpickle': '3.0.0', 'deprecation': '2.1.0', 'xxhash': '3.4.1', 'wurlitzer': 'Not installed'}, 'python': {'version': '3.9.13', 'machine': 'AMD64'}}
pickle: {'deps_info': {'pip': '23.3', 'setuptools': '68.0.0', 'pycaret': '3.1.0', 'IPython': '8.12.3', 'ipywidgets': '8.1.1', 'tqdm': '4.66.1', 'numpy': '1.23.5', 'pandas': '1.5.3', 'jinja2': '3.1.2', 'scipy': '1.10.1', 'joblib': '1.3.2', 'sklearn': '1.2.2', 'pyod': '1.1.1', 'imblearn': '0.11.0', 'category_encoders': '2.6.2', 'lightgbm': '4.1.0', 'numba': '0.58.1', 'requests': '2.31.0', 'matplotlib': '3.7.3', 'scikitplot': '0.3.7', 'yellowbrick': '1.5', 'plotly': '5.18.0', 'plotly-resampler': 'Not installed', 'kaleido': '0.2.1', 'schemdraw': '0.15', 'statsmodels': '0.14.0', 'sktime': '0.21.1', 'tbats': '1.1.3', 'pmdarima': '2.0.4', 'psutil': '5.9.6', 'markupsafe': '2.1.3', 'pickle5': 'Not installed', 'cloudpickle': '3.0.0', 'deprecation': '2.1.0', 'xxhash': '3.4.1', 'wurlitzer': 'Not installed'}, 'python': {'version': '3.8.18', 'machine': 'AMD64'}}
  warnings.warn(

2023-10-28 21:56:55,532:INFO:Initializing load_model()
2023-10-28 21:56:55,532:INFO:load_model(model_name=Diabetes, platform=None, authentication=None, verbose=True)
2023-10-28 21:56:55,534:WARNING:C:\Users\chamboko\Desktop\2\Diabetes\env\lib\site-packages\pycaret\internal\pipeline.py:139: UserWarning: Version mismatch:
current: {'deps_info': {'pip': '23.2.1', 'setuptools': '68.2.2', 'pycaret': '3.1.0', 'IPython': '8.16.1', 'ipywidgets': '8.1.1', 'tqdm': '4.66.1', 'numpy': '1.23.5', 'pandas': '1.5.3', 'jinja2': '3.1.2', 'scipy': '1.10.1', 'joblib': '1.3.2', 'sklearn': '1.2.2', 'pyod': '1.1.1', 'imblearn': '0.11.0', 'category_encoders': '2.6.2', 'lightgbm': '4.1.0', 'numba': '0.58.1', 'requests': '2.31.0', 'matplotlib': '3.8.0', 'scikitplot': '0.3.7', 'yellowbrick': '1.5', 'plotly': '5.18.0', 'plotly-resampler': 'Not installed', 'kaleido': '0.2.1', 'schemdraw': '0.15', 'statsmodels': '0.14.0', 'sktime': '0.21.1', 'tbats': '1.1.3', 'pmdarima': '2.0.4', 'psutil': '5.9.6', 'markupsafe': '2.1.3', 'pickle5': 'Not installed', 'cloudpickle': '3.0.0', 'deprecation': '2.1.0', 'xxhash': '3.4.1', 'wurlitzer': 'Not installed'}, 'python': {'version': '3.9.13', 'machine': 'AMD64'}}
pickle: {'deps_info': {'pip': '23.3', 'setuptools': '68.0.0', 'pycaret': '3.1.0', 'IPython': '8.12.3', 'ipywidgets': '8.1.1', 'tqdm': '4.66.1', 'numpy': '1.23.5', 'pandas': '1.5.3', 'jinja2': '3.1.2', 'scipy': '1.10.1', 'joblib': '1.3.2', 'sklearn': '1.2.2', 'pyod': '1.1.1', 'imblearn': '0.11.0', 'category_encoders': '2.6.2', 'lightgbm': '4.1.0', 'numba': '0.58.1', 'requests': '2.31.0', 'matplotlib': '3.7.3', 'scikitplot': '0.3.7', 'yellowbrick': '1.5', 'plotly': '5.18.0', 'plotly-resampler': 'Not installed', 'kaleido': '0.2.1', 'schemdraw': '0.15', 'statsmodels': '0.14.0', 'sktime': '0.21.1', 'tbats': '1.1.3', 'pmdarima': '2.0.4', 'psutil': '5.9.6', 'markupsafe': '2.1.3', 'pickle5': 'Not installed', 'cloudpickle': '3.0.0', 'deprecation': '2.1.0', 'xxhash': '3.4.1', 'wurlitzer': 'Not installed'}, 'python': {'version': '3.8.18', 'machine': 'AMD64'}}
  warnings.warn(

2023-10-28 21:56:55,545:INFO:Initializing predict_model()
2023-10-28 21:56:55,545:INFO:predict_model(self=<pycaret.classification.oop.ClassificationExperiment object at 0x0000017FF79F07F0>, estimator=Pipeline(memory=Memory(location=None),
         steps=[('numerical_imputer',
                 TransformerWrapper(include=['Pregnancies', 'Glucose',
                                             'BloodPressure', 'SkinThickness',
                                             'Insulin', 'BMI',
                                             'DiabetesPedigreeFunction',
                                             'Age'],
                                    transformer=SimpleImputer())),
                ('categorical_imputer',
                 TransformerWrapper(include=[],
                                    transformer=SimpleImputer(strategy='most_frequent'))),
                ('trained_model',
                 LogisticRegression(max_iter=1000, random_state=8789))]), probability_threshold=None, encoded_labels=False, raw_score=False, round=4, verbose=True, ml_usecase=None, preprocess=True, encode_labels=<function _SupervisedExperiment.predict_model.<locals>.encode_labels at 0x0000017FF79CDE50>)
2023-10-28 21:56:55,545:INFO:Checking exceptions
2023-10-28 21:56:55,545:INFO:Preloading libraries
2023-10-28 21:56:55,546:INFO:Set up data.
2023-10-28 21:56:55,549:INFO:Set up index.
2023-10-28 21:57:02,046:INFO:Initializing load_model()
2023-10-28 21:57:02,046:INFO:load_model(model_name=Diabetes, platform=None, authentication=None, verbose=True)
2023-10-28 21:57:02,048:WARNING:C:\Users\chamboko\Desktop\2\Diabetes\env\lib\site-packages\pycaret\internal\pipeline.py:139: UserWarning: Version mismatch:
current: {'deps_info': {'pip': '23.2.1', 'setuptools': '68.2.2', 'pycaret': '3.1.0', 'IPython': '8.16.1', 'ipywidgets': '8.1.1', 'tqdm': '4.66.1', 'numpy': '1.23.5', 'pandas': '1.5.3', 'jinja2': '3.1.2', 'scipy': '1.10.1', 'joblib': '1.3.2', 'sklearn': '1.2.2', 'pyod': '1.1.1', 'imblearn': '0.11.0', 'category_encoders': '2.6.2', 'lightgbm': '4.1.0', 'numba': '0.58.1', 'requests': '2.31.0', 'matplotlib': '3.8.0', 'scikitplot': '0.3.7', 'yellowbrick': '1.5', 'plotly': '5.18.0', 'plotly-resampler': 'Not installed', 'kaleido': '0.2.1', 'schemdraw': '0.15', 'statsmodels': '0.14.0', 'sktime': '0.21.1', 'tbats': '1.1.3', 'pmdarima': '2.0.4', 'psutil': '5.9.6', 'markupsafe': '2.1.3', 'pickle5': 'Not installed', 'cloudpickle': '3.0.0', 'deprecation': '2.1.0', 'xxhash': '3.4.1', 'wurlitzer': 'Not installed'}, 'python': {'version': '3.9.13', 'machine': 'AMD64'}}
pickle: {'deps_info': {'pip': '23.3', 'setuptools': '68.0.0', 'pycaret': '3.1.0', 'IPython': '8.12.3', 'ipywidgets': '8.1.1', 'tqdm': '4.66.1', 'numpy': '1.23.5', 'pandas': '1.5.3', 'jinja2': '3.1.2', 'scipy': '1.10.1', 'joblib': '1.3.2', 'sklearn': '1.2.2', 'pyod': '1.1.1', 'imblearn': '0.11.0', 'category_encoders': '2.6.2', 'lightgbm': '4.1.0', 'numba': '0.58.1', 'requests': '2.31.0', 'matplotlib': '3.7.3', 'scikitplot': '0.3.7', 'yellowbrick': '1.5', 'plotly': '5.18.0', 'plotly-resampler': 'Not installed', 'kaleido': '0.2.1', 'schemdraw': '0.15', 'statsmodels': '0.14.0', 'sktime': '0.21.1', 'tbats': '1.1.3', 'pmdarima': '2.0.4', 'psutil': '5.9.6', 'markupsafe': '2.1.3', 'pickle5': 'Not installed', 'cloudpickle': '3.0.0', 'deprecation': '2.1.0', 'xxhash': '3.4.1', 'wurlitzer': 'Not installed'}, 'python': {'version': '3.8.18', 'machine': 'AMD64'}}
  warnings.warn(

2023-10-28 21:57:15,961:INFO:Initializing load_model()
2023-10-28 21:57:15,961:INFO:load_model(model_name=Diabetes, platform=None, authentication=None, verbose=True)
2023-10-28 21:57:16,208:INFO:Initializing predict_model()
2023-10-28 21:57:16,208:INFO:predict_model(self=<pycaret.classification.oop.ClassificationExperiment object at 0x0000017FF79F09A0>, estimator=Pipeline(memory=Memory(location=None),
         steps=[('numerical_imputer',
                 TransformerWrapper(include=['Pregnancies', 'Glucose',
                                             'BloodPressure', 'SkinThickness',
                                             'Insulin', 'BMI',
                                             'DiabetesPedigreeFunction',
                                             'Age'],
                                    transformer=SimpleImputer())),
                ('categorical_imputer',
                 TransformerWrapper(include=[],
                                    transformer=SimpleImputer(strategy='most_frequent'))),
                ('trained_model',
                 LogisticRegression(max_iter=1000, random_state=8789))]), probability_threshold=None, encoded_labels=False, raw_score=False, round=4, verbose=True, ml_usecase=None, preprocess=True, encode_labels=<function _SupervisedExperiment.predict_model.<locals>.encode_labels at 0x0000017FF8EFAF70>)
2023-10-28 21:57:16,208:INFO:Checking exceptions
2023-10-28 21:57:16,208:INFO:Preloading libraries
2023-10-28 21:57:16,209:INFO:Set up data.
2023-10-28 21:57:16,213:INFO:Set up index.
2023-10-28 21:57:16,877:WARNING:C:\Users\chamboko\Desktop\2\Diabetes\env\lib\site-packages\pandas\util\_decorators.py:211: FutureWarning:

the 'encoding' keyword is deprecated and will be removed in a future version. Please take steps to stop the use of 'encoding'


2023-10-28 21:57:33,559:INFO:Initializing load_model()
2023-10-28 21:57:33,560:INFO:load_model(model_name=Diabetes, platform=None, authentication=None, verbose=True)
2023-10-28 21:57:33,561:WARNING:C:\Users\chamboko\Desktop\2\Diabetes\env\lib\site-packages\pycaret\internal\pipeline.py:139: UserWarning:

Version mismatch:
current: {'deps_info': {'pip': '23.2.1', 'setuptools': '68.2.2', 'pycaret': '3.1.0', 'IPython': '8.16.1', 'ipywidgets': '8.1.1', 'tqdm': '4.66.1', 'numpy': '1.23.5', 'pandas': '1.5.3', 'jinja2': '3.1.2', 'scipy': '1.10.1', 'joblib': '1.3.2', 'sklearn': '1.2.2', 'pyod': '1.1.1', 'imblearn': '0.11.0', 'category_encoders': '2.6.2', 'lightgbm': '4.1.0', 'numba': '0.58.1', 'requests': '2.31.0', 'matplotlib': '3.8.0', 'scikitplot': '0.3.7', 'yellowbrick': '1.5', 'plotly': '5.18.0', 'plotly-resampler': 'Not installed', 'kaleido': '0.2.1', 'schemdraw': '0.15', 'statsmodels': '0.14.0', 'sktime': '0.21.1', 'tbats': '1.1.3', 'pmdarima': '2.0.4', 'psutil': '5.9.6', 'markupsafe': '2.1.3', 'pickle5': 'Not installed', 'cloudpickle': '3.0.0', 'deprecation': '2.1.0', 'xxhash': '3.4.1', 'wurlitzer': 'Not installed'}, 'python': {'version': '3.9.13', 'machine': 'AMD64'}}
pickle: {'deps_info': {'pip': '23.3', 'setuptools': '68.0.0', 'pycaret': '3.1.0', 'IPython': '8.12.3', 'ipywidgets': '8.1.1', 'tqdm': '4.66.1', 'numpy': '1.23.5', 'pandas': '1.5.3', 'jinja2': '3.1.2', 'scipy': '1.10.1', 'joblib': '1.3.2', 'sklearn': '1.2.2', 'pyod': '1.1.1', 'imblearn': '0.11.0', 'category_encoders': '2.6.2', 'lightgbm': '4.1.0', 'numba': '0.58.1', 'requests': '2.31.0', 'matplotlib': '3.7.3', 'scikitplot': '0.3.7', 'yellowbrick': '1.5', 'plotly': '5.18.0', 'plotly-resampler': 'Not installed', 'kaleido': '0.2.1', 'schemdraw': '0.15', 'statsmodels': '0.14.0', 'sktime': '0.21.1', 'tbats': '1.1.3', 'pmdarima': '2.0.4', 'psutil': '5.9.6', 'markupsafe': '2.1.3', 'pickle5': 'Not installed', 'cloudpickle': '3.0.0', 'deprecation': '2.1.0', 'xxhash': '3.4.1', 'wurlitzer': 'Not installed'}, 'python': {'version': '3.8.18', 'machine': 'AMD64'}}


2023-10-28 21:57:36,773:INFO:Initializing load_model()
2023-10-28 21:57:36,773:INFO:load_model(model_name=Diabetes, platform=None, authentication=None, verbose=True)
2023-10-28 21:57:36,775:WARNING:C:\Users\chamboko\Desktop\2\Diabetes\env\lib\site-packages\pycaret\internal\pipeline.py:139: UserWarning:

Version mismatch:
current: {'deps_info': {'pip': '23.2.1', 'setuptools': '68.2.2', 'pycaret': '3.1.0', 'IPython': '8.16.1', 'ipywidgets': '8.1.1', 'tqdm': '4.66.1', 'numpy': '1.23.5', 'pandas': '1.5.3', 'jinja2': '3.1.2', 'scipy': '1.10.1', 'joblib': '1.3.2', 'sklearn': '1.2.2', 'pyod': '1.1.1', 'imblearn': '0.11.0', 'category_encoders': '2.6.2', 'lightgbm': '4.1.0', 'numba': '0.58.1', 'requests': '2.31.0', 'matplotlib': '3.8.0', 'scikitplot': '0.3.7', 'yellowbrick': '1.5', 'plotly': '5.18.0', 'plotly-resampler': 'Not installed', 'kaleido': '0.2.1', 'schemdraw': '0.15', 'statsmodels': '0.14.0', 'sktime': '0.21.1', 'tbats': '1.1.3', 'pmdarima': '2.0.4', 'psutil': '5.9.6', 'markupsafe': '2.1.3', 'pickle5': 'Not installed', 'cloudpickle': '3.0.0', 'deprecation': '2.1.0', 'xxhash': '3.4.1', 'wurlitzer': 'Not installed'}, 'python': {'version': '3.9.13', 'machine': 'AMD64'}}
pickle: {'deps_info': {'pip': '23.3', 'setuptools': '68.0.0', 'pycaret': '3.1.0', 'IPython': '8.12.3', 'ipywidgets': '8.1.1', 'tqdm': '4.66.1', 'numpy': '1.23.5', 'pandas': '1.5.3', 'jinja2': '3.1.2', 'scipy': '1.10.1', 'joblib': '1.3.2', 'sklearn': '1.2.2', 'pyod': '1.1.1', 'imblearn': '0.11.0', 'category_encoders': '2.6.2', 'lightgbm': '4.1.0', 'numba': '0.58.1', 'requests': '2.31.0', 'matplotlib': '3.7.3', 'scikitplot': '0.3.7', 'yellowbrick': '1.5', 'plotly': '5.18.0', 'plotly-resampler': 'Not installed', 'kaleido': '0.2.1', 'schemdraw': '0.15', 'statsmodels': '0.14.0', 'sktime': '0.21.1', 'tbats': '1.1.3', 'pmdarima': '2.0.4', 'psutil': '5.9.6', 'markupsafe': '2.1.3', 'pickle5': 'Not installed', 'cloudpickle': '3.0.0', 'deprecation': '2.1.0', 'xxhash': '3.4.1', 'wurlitzer': 'Not installed'}, 'python': {'version': '3.8.18', 'machine': 'AMD64'}}


2023-10-28 22:01:22,076:INFO:Initializing load_model()
2023-10-28 22:01:22,077:INFO:load_model(model_name=Diabetes, platform=None, authentication=None, verbose=True)
2023-10-28 22:01:29,552:INFO:Initializing load_model()
2023-10-28 22:01:29,552:INFO:load_model(model_name=Diabetes, platform=None, authentication=None, verbose=True)
2023-10-28 22:01:29,554:WARNING:C:\Users\chamboko\Desktop\2\Diabetes\env\lib\site-packages\pycaret\internal\pipeline.py:139: UserWarning:

Version mismatch:
current: {'deps_info': {'pip': '23.2.1', 'setuptools': '68.2.2', 'pycaret': '3.1.0', 'IPython': '8.16.1', 'ipywidgets': '8.1.1', 'tqdm': '4.66.1', 'numpy': '1.23.5', 'pandas': '1.5.3', 'jinja2': '3.1.2', 'scipy': '1.10.1', 'joblib': '1.3.2', 'sklearn': '1.2.2', 'pyod': '1.1.1', 'imblearn': '0.11.0', 'category_encoders': '2.6.2', 'lightgbm': '4.1.0', 'numba': '0.58.1', 'requests': '2.31.0', 'matplotlib': '3.8.0', 'scikitplot': '0.3.7', 'yellowbrick': '1.5', 'plotly': '5.18.0', 'plotly-resampler': 'Not installed', 'kaleido': '0.2.1', 'schemdraw': '0.15', 'statsmodels': '0.14.0', 'sktime': '0.21.1', 'tbats': '1.1.3', 'pmdarima': '2.0.4', 'psutil': '5.9.6', 'markupsafe': '2.1.3', 'pickle5': 'Not installed', 'cloudpickle': '3.0.0', 'deprecation': '2.1.0', 'xxhash': '3.4.1', 'wurlitzer': 'Not installed'}, 'python': {'version': '3.9.13', 'machine': 'AMD64'}}
pickle: {'deps_info': {'pip': '23.3', 'setuptools': '68.0.0', 'pycaret': '3.1.0', 'IPython': '8.12.3', 'ipywidgets': '8.1.1', 'tqdm': '4.66.1', 'numpy': '1.23.5', 'pandas': '1.5.3', 'jinja2': '3.1.2', 'scipy': '1.10.1', 'joblib': '1.3.2', 'sklearn': '1.2.2', 'pyod': '1.1.1', 'imblearn': '0.11.0', 'category_encoders': '2.6.2', 'lightgbm': '4.1.0', 'numba': '0.58.1', 'requests': '2.31.0', 'matplotlib': '3.7.3', 'scikitplot': '0.3.7', 'yellowbrick': '1.5', 'plotly': '5.18.0', 'plotly-resampler': 'Not installed', 'kaleido': '0.2.1', 'schemdraw': '0.15', 'statsmodels': '0.14.0', 'sktime': '0.21.1', 'tbats': '1.1.3', 'pmdarima': '2.0.4', 'psutil': '5.9.6', 'markupsafe': '2.1.3', 'pickle5': 'Not installed', 'cloudpickle': '3.0.0', 'deprecation': '2.1.0', 'xxhash': '3.4.1', 'wurlitzer': 'Not installed'}, 'python': {'version': '3.8.18', 'machine': 'AMD64'}}


