2021-11-05 12:16:03,041:INFO:PyCaret Supervised Module
2021-11-05 12:16:03,041:INFO:ML Usecase: classification
2021-11-05 12:16:03,041:INFO:version 2.3.4
2021-11-05 12:16:03,041:INFO:Initializing setup()
2021-11-05 12:16:03,041:INFO:setup(target=Outcome, ml_usecase=classification, available_plots={'parameter': 'Hyperparameters', 'auc': 'AUC', 'confusion_matrix': 'Confusion Matrix', 'threshold': 'Threshold', 'pr': 'Precision Recall', 'error': 'Prediction Error', 'class_report': 'Class Report', 'rfe': 'Feature Selection', 'learning': 'Learning Curve', 'manifold': 'Manifold Learning', 'calibration': 'Calibration Curve', 'vc': 'Validation Curve', 'dimension': 'Dimensions', 'feature': 'Feature Importance', 'feature_all': 'Feature Importance (All)', 'boundary': 'Decision Boundary', 'lift': 'Lift Chart', 'gain': 'Gain Chart', 'tree': 'Decision Tree', 'ks': 'KS Statistic Plot'}, train_size=0.7, test_data=None, preprocess=True, imputation_type=simple, iterative_imputation_iters=5, categorical_features=None, categorical_imputation=constant, categorical_iterative_imputer=lightgbm, ordinal_features=None, high_cardinality_features=None, high_cardinality_method=frequency, numeric_features=None, numeric_imputation=mean, numeric_iterative_imputer=lightgbm, date_features=None, ignore_features=None, normalize=False, normalize_method=zscore, transformation=False, transformation_method=yeo-johnson, handle_unknown_categorical=True, unknown_categorical_method=least_frequent, pca=False, pca_method=linear, pca_components=None, ignore_low_variance=False, combine_rare_levels=False, rare_level_threshold=0.1, bin_numeric_features=None, remove_outliers=False, outliers_threshold=0.05, remove_multicollinearity=False, multicollinearity_threshold=0.9, remove_perfect_collinearity=True, create_clusters=False, cluster_iter=20, polynomial_features=False, polynomial_degree=2, trigonometry_features=False, polynomial_threshold=0.1, group_features=None, group_names=None, feature_selection=False, feature_selection_threshold=0.8, feature_selection_method=classic, feature_interaction=False, feature_ratio=False, interaction_threshold=0.01, fix_imbalance=False, fix_imbalance_method=None, transform_target=False, transform_target_method=box-cox, data_split_shuffle=True, data_split_stratify=False, fold_strategy=stratifiedkfold, fold=10, fold_shuffle=False, fold_groups=None, n_jobs=-1, use_gpu=False, custom_pipeline=None, html=True, session_id=None, log_experiment=False, experiment_name=None, log_plots=False, log_profile=False, log_data=False, silent=False, verbose=True, profile=False, profile_kwargs=None, display=None)
2021-11-05 12:16:03,041:INFO:Checking environment
2021-11-05 12:16:03,041:INFO:python_version: 3.8.8
2021-11-05 12:16:03,041:INFO:python_build: ('default', 'Apr 13 2021 15:08:03')
2021-11-05 12:16:03,041:INFO:machine: AMD64
2021-11-05 12:16:03,041:INFO:platform: Windows-10-10.0.22000-SP0
2021-11-05 12:16:03,041:INFO:Memory: svmem(total=17017057280, available=8426610688, percent=50.5, used=8590446592, free=8426610688)
2021-11-05 12:16:03,041:INFO:Physical Core: 6
2021-11-05 12:16:03,041:INFO:Logical Core: 12
2021-11-05 12:16:03,041:INFO:Checking libraries
2021-11-05 12:16:03,041:INFO:pd==1.3.4
2021-11-05 12:16:03,041:INFO:numpy==1.19.5
2021-11-05 12:16:03,041:INFO:sklearn==0.23.2
2021-11-05 12:16:03,041:INFO:lightgbm==2.3.1
2021-11-05 12:16:05,148:INFO:catboost==1.0.0
2021-11-05 12:16:08,241:INFO:xgboost==1.1.1
2021-11-05 12:16:11,117:INFO:mlflow==1.20.2
2021-11-05 12:16:11,117:INFO:Checking Exceptions
2021-11-05 12:16:11,117:INFO:Declaring global variables
2021-11-05 12:16:11,117:INFO:USI: e2e2
2021-11-05 12:16:11,117:INFO:pycaret_globals: {'y_train', 'fold_param', '_all_models', 'n_jobs_param', 'fold_shuffle_param', 'create_model_container', 'fold_groups_param_full', 'USI', 'X_train', 'fold_generator', 'exp_name_log', 'target_param', 'display_container', 'iterative_imputation_iters_param', 'prep_pipe', 'stratify_param', 'experiment__', 'X_test', 'imputation_regressor', 'fold_groups_param', 'transform_target_method_param', 'fix_imbalance_param', 'seed', '_internal_pipeline', 'logging_param', 'data_before_preprocess', 'fix_imbalance_method_param', '_all_models_internal', 'master_model_container', 'log_plots_param', '_all_metrics', '_available_plots', 'X', 'y_test', 'html_param', '_ml_usecase', '_gpu_n_jobs_param', 'y', 'gpu_param', 'imputation_classifier', 'transform_target_param', 'pycaret_globals'}
2021-11-05 12:16:11,117:INFO:Preparing display monitor
2021-11-05 12:16:11,117:INFO:Preparing display monitor
2021-11-05 12:16:11,166:INFO:Importing libraries
2021-11-05 12:16:11,166:INFO:Copying data for preprocessing
2021-11-05 12:16:11,231:INFO:Declaring preprocessing parameters
2021-11-05 12:16:11,269:INFO:Creating preprocessing pipeline
2021-11-05 12:16:11,336:INFO:Preprocessing pipeline created successfully
2021-11-05 12:16:11,336:ERROR:(Process Exit): setup has been interupted with user command 'quit'. setup must rerun.
2021-11-05 12:16:11,336:INFO:Creating global containers
2021-11-05 12:16:11,354:INFO:Internal pipeline: Pipeline(memory=None, steps=[('empty_step', 'passthrough')], verbose=False)
2021-11-05 12:16:40,163:INFO:Creating grid variables
2021-11-05 12:16:40,203:INFO:create_model_container: 0
2021-11-05 12:16:40,203:INFO:master_model_container: 0
2021-11-05 12:16:40,203:INFO:display_container: 1
2021-11-05 12:16:40,219:INFO:Pipeline(memory=None,
         steps=[('dtypes',
                 DataTypes_Auto_infer(categorical_features=[],
                                      display_types=True, features_todrop=[],
                                      id_columns=[],
                                      ml_usecase='classification',
                                      numerical_features=[], target='Outcome',
                                      time_features=[])),
                ('imputer',
                 Simple_Imputer(categorical_strategy='not_available',
                                fill_value_categorical=None,
                                fill_value_numerical=None,
                                numeric_stra...
                ('scaling', 'passthrough'), ('P_transform', 'passthrough'),
                ('binn', 'passthrough'), ('rem_outliers', 'passthrough'),
                ('cluster_all', 'passthrough'),
                ('dummy', Dummify(target='Outcome')),
                ('fix_perfect', Remove_100(target='Outcome')),
                ('clean_names', Clean_Colum_Names()),
                ('feature_select', 'passthrough'), ('fix_multi', 'passthrough'),
                ('dfs', 'passthrough'), ('pca', 'passthrough')],
         verbose=False)
2021-11-05 12:16:40,219:INFO:setup() succesfully completed......................................
2021-11-05 12:18:49,322:INFO:PyCaret Supervised Module
2021-11-05 12:18:49,322:INFO:ML Usecase: classification
2021-11-05 12:18:49,322:INFO:version 2.3.4
2021-11-05 12:18:49,322:INFO:Initializing setup()
2021-11-05 12:18:49,322:INFO:setup(target=Outcome, ml_usecase=classification, available_plots={'parameter': 'Hyperparameters', 'auc': 'AUC', 'confusion_matrix': 'Confusion Matrix', 'threshold': 'Threshold', 'pr': 'Precision Recall', 'error': 'Prediction Error', 'class_report': 'Class Report', 'rfe': 'Feature Selection', 'learning': 'Learning Curve', 'manifold': 'Manifold Learning', 'calibration': 'Calibration Curve', 'vc': 'Validation Curve', 'dimension': 'Dimensions', 'feature': 'Feature Importance', 'feature_all': 'Feature Importance (All)', 'boundary': 'Decision Boundary', 'lift': 'Lift Chart', 'gain': 'Gain Chart', 'tree': 'Decision Tree', 'ks': 'KS Statistic Plot'}, train_size=0.7, test_data=None, preprocess=True, imputation_type=simple, iterative_imputation_iters=5, categorical_features=None, categorical_imputation=constant, categorical_iterative_imputer=lightgbm, ordinal_features=None, high_cardinality_features=None, high_cardinality_method=frequency, numeric_features=None, numeric_imputation=mean, numeric_iterative_imputer=lightgbm, date_features=None, ignore_features=None, normalize=False, normalize_method=zscore, transformation=False, transformation_method=yeo-johnson, handle_unknown_categorical=True, unknown_categorical_method=least_frequent, pca=False, pca_method=linear, pca_components=None, ignore_low_variance=False, combine_rare_levels=False, rare_level_threshold=0.1, bin_numeric_features=None, remove_outliers=False, outliers_threshold=0.05, remove_multicollinearity=False, multicollinearity_threshold=0.9, remove_perfect_collinearity=True, create_clusters=False, cluster_iter=20, polynomial_features=False, polynomial_degree=2, trigonometry_features=False, polynomial_threshold=0.1, group_features=None, group_names=None, feature_selection=False, feature_selection_threshold=0.8, feature_selection_method=classic, feature_interaction=False, feature_ratio=False, interaction_threshold=0.01, fix_imbalance=False, fix_imbalance_method=None, transform_target=False, transform_target_method=box-cox, data_split_shuffle=True, data_split_stratify=False, fold_strategy=stratifiedkfold, fold=10, fold_shuffle=False, fold_groups=None, n_jobs=-1, use_gpu=True, custom_pipeline=None, html=True, session_id=8789, log_experiment=False, experiment_name=None, log_plots=False, log_profile=False, log_data=False, silent=False, verbose=True, profile=False, profile_kwargs=None, display=None)
2021-11-05 12:18:49,322:INFO:Checking environment
2021-11-05 12:18:49,322:INFO:python_version: 3.8.8
2021-11-05 12:18:49,322:INFO:python_build: ('default', 'Apr 13 2021 15:08:03')
2021-11-05 12:18:49,327:INFO:machine: AMD64
2021-11-05 12:18:49,327:INFO:platform: Windows-10-10.0.22000-SP0
2021-11-05 12:18:49,327:INFO:Memory: svmem(total=17017057280, available=8366190592, percent=50.8, used=8650866688, free=8366190592)
2021-11-05 12:18:49,328:INFO:Physical Core: 6
2021-11-05 12:18:49,328:INFO:Logical Core: 12
2021-11-05 12:18:49,328:INFO:Checking libraries
2021-11-05 12:18:49,328:INFO:pd==1.3.4
2021-11-05 12:18:49,328:INFO:numpy==1.19.5
2021-11-05 12:18:49,328:INFO:sklearn==0.23.2
2021-11-05 12:18:49,328:INFO:lightgbm==2.3.1
2021-11-05 12:18:49,328:INFO:catboost==1.0.0
2021-11-05 12:18:49,328:INFO:xgboost==1.1.1
2021-11-05 12:18:49,328:INFO:mlflow==1.20.2
2021-11-05 12:18:49,328:INFO:Checking Exceptions
2021-11-05 12:18:49,328:INFO:Declaring global variables
2021-11-05 12:18:49,328:INFO:USI: 604a
2021-11-05 12:18:49,328:INFO:pycaret_globals: {'y_train', 'fold_param', '_all_models', 'n_jobs_param', 'fold_shuffle_param', 'create_model_container', 'fold_groups_param_full', 'USI', 'X_train', 'fold_generator', 'exp_name_log', 'target_param', 'display_container', 'iterative_imputation_iters_param', 'prep_pipe', 'stratify_param', 'experiment__', 'X_test', 'imputation_regressor', 'fold_groups_param', 'transform_target_method_param', 'fix_imbalance_param', 'seed', '_internal_pipeline', 'logging_param', 'data_before_preprocess', 'fix_imbalance_method_param', '_all_models_internal', 'master_model_container', 'log_plots_param', '_all_metrics', '_available_plots', 'X', 'y_test', 'html_param', '_ml_usecase', '_gpu_n_jobs_param', 'y', 'gpu_param', 'imputation_classifier', 'transform_target_param', 'pycaret_globals'}
2021-11-05 12:18:49,333:INFO:Preparing display monitor
2021-11-05 12:18:49,333:INFO:Preparing display monitor
2021-11-05 12:18:49,388:INFO:Importing libraries
2021-11-05 12:18:49,388:INFO:Copying data for preprocessing
2021-11-05 12:18:49,418:INFO:Declaring preprocessing parameters
2021-11-05 12:18:49,424:WARNING:cuML not found
2021-11-05 12:18:49,424:WARNING:cuML is outdated or not found. Required version is >=0.15, got 1.1.1
2021-11-05 12:18:49,428:INFO:Creating preprocessing pipeline
2021-11-05 12:18:49,443:INFO:Preprocessing pipeline created successfully
2021-11-05 12:18:49,443:ERROR:(Process Exit): setup has been interupted with user command 'quit'. setup must rerun.
2021-11-05 12:18:49,443:INFO:Creating global containers
2021-11-05 12:18:49,450:INFO:Internal pipeline: Pipeline(memory=None, steps=[('empty_step', 'passthrough')], verbose=False)
2021-11-05 12:18:51,775:WARNING:Couldn't import cuml.linear_model.LogisticRegression
2021-11-05 12:18:51,885:WARNING:Couldn't import cuml.neighbors.KNeighborsClassifier
2021-11-05 12:18:51,885:WARNING:Couldn't import cuml.MBSGDClassifier
2021-11-05 12:18:51,885:WARNING:Couldn't import cuml.svm.SVC
2021-11-05 12:18:51,951:WARNING:Couldn't import cuml.linear_model
2021-11-05 12:18:51,952:WARNING:Couldn't import cuml.ensemble
2021-11-05 12:18:51,999:WARNING:Couldn't import cuml.linear_model.LogisticRegression
2021-11-05 12:18:52,173:WARNING:Couldn't import cuml.neighbors.KNeighborsClassifier
2021-11-05 12:18:52,173:WARNING:Couldn't import cuml.MBSGDClassifier
2021-11-05 12:18:52,173:WARNING:Couldn't import cuml.svm.SVC
2021-11-05 12:18:52,234:WARNING:Couldn't import cuml.linear_model
2021-11-05 12:18:52,248:WARNING:Couldn't import cuml.ensemble
2021-11-05 12:18:52,270:INFO:Creating grid variables
2021-11-05 12:18:52,337:INFO:create_model_container: 0
2021-11-05 12:18:52,337:INFO:master_model_container: 0
2021-11-05 12:18:52,337:INFO:display_container: 1
2021-11-05 12:18:52,367:INFO:Pipeline(memory=None,
         steps=[('dtypes',
                 DataTypes_Auto_infer(categorical_features=[],
                                      display_types=True, features_todrop=[],
                                      id_columns=[],
                                      ml_usecase='classification',
                                      numerical_features=[], target='Outcome',
                                      time_features=[])),
                ('imputer',
                 Simple_Imputer(categorical_strategy='not_available',
                                fill_value_categorical=None,
                                fill_value_numerical=None,
                                numeric_stra...
                ('scaling', 'passthrough'), ('P_transform', 'passthrough'),
                ('binn', 'passthrough'), ('rem_outliers', 'passthrough'),
                ('cluster_all', 'passthrough'),
                ('dummy', Dummify(target='Outcome')),
                ('fix_perfect', Remove_100(target='Outcome')),
                ('clean_names', Clean_Colum_Names()),
                ('feature_select', 'passthrough'), ('fix_multi', 'passthrough'),
                ('dfs', 'passthrough'), ('pca', 'passthrough')],
         verbose=False)
2021-11-05 12:18:52,368:INFO:setup() succesfully completed......................................
2021-11-05 12:26:47,852:INFO:Initializing compare_models()
2021-11-05 12:26:47,852:INFO:compare_models(include=None, fold=None, round=4, cross_validation=True, sort=AUC, n_select=1, budget_time=None, turbo=True, errors=ignore, fit_kwargs=None, groups=None, verbose=True, display=None, exclude=None)
2021-11-05 12:26:47,860:INFO:Checking exceptions
2021-11-05 12:26:47,863:INFO:Preparing display monitor
2021-11-05 12:26:47,863:INFO:Preparing display monitor
2021-11-05 12:26:47,972:INFO:Initializing Logistic Regression
2021-11-05 12:26:47,972:INFO:Total runtime is 0.0 minutes
2021-11-05 12:26:48,006:INFO:SubProcess create_model() called ==================================
2021-11-05 12:26:48,007:INFO:Initializing create_model()
2021-11-05 12:26:48,007:INFO:create_model(estimator=lr, fold=StratifiedKFold(n_splits=10, random_state=None, shuffle=False), round=4, cross_validation=True, predict=True, fit_kwargs={}, groups=None, refit=False, verbose=False, system=False, metrics=None, add_to_model_list=True, display=<pycaret.internal.Display.Display object at 0x000001ED826B2310>, kwargs={})
2021-11-05 12:26:48,009:INFO:Checking exceptions
2021-11-05 12:26:48,009:INFO:Importing libraries
2021-11-05 12:26:48,009:INFO:Copying training dataset
2021-11-05 12:26:48,011:INFO:Defining folds
2021-11-05 12:26:48,012:INFO:Declaring metric variables
2021-11-05 12:26:48,046:INFO:Importing untrained model
2021-11-05 12:26:48,080:INFO:Logistic Regression Imported succesfully
2021-11-05 12:26:48,146:INFO:Starting cross validation
2021-11-05 12:26:48,148:INFO:Cross validating with StratifiedKFold(n_splits=10, random_state=None, shuffle=False), n_jobs=1
2021-11-05 12:27:08,425:INFO:Calculating mean and std
2021-11-05 12:27:08,425:INFO:Creating metrics dataframe
2021-11-05 12:27:08,442:INFO:Uploading results into container
2021-11-05 12:27:08,442:INFO:Uploading model into container now
2021-11-05 12:27:08,443:INFO:create_model_container: 1
2021-11-05 12:27:08,443:INFO:master_model_container: 1
2021-11-05 12:27:08,443:INFO:display_container: 2
2021-11-05 12:27:08,443:INFO:LogisticRegression(C=1.0, class_weight=None, dual=False, fit_intercept=True,
                   intercept_scaling=1, l1_ratio=None, max_iter=1000,
                   multi_class='auto', n_jobs=None, penalty='l2',
                   random_state=8789, solver='lbfgs', tol=0.0001, verbose=0,
                   warm_start=False)
2021-11-05 12:27:08,443:INFO:create_model() succesfully completed......................................
2021-11-05 12:27:08,680:INFO:SubProcess create_model() end ==================================
2021-11-05 12:27:08,680:INFO:Creating metrics dataframe
2021-11-05 12:27:08,713:INFO:Initializing K Neighbors Classifier
2021-11-05 12:27:08,713:INFO:Total runtime is 0.34569103717803956 minutes
2021-11-05 12:27:08,749:INFO:SubProcess create_model() called ==================================
2021-11-05 12:27:08,750:INFO:Initializing create_model()
2021-11-05 12:27:08,750:INFO:create_model(estimator=knn, fold=StratifiedKFold(n_splits=10, random_state=None, shuffle=False), round=4, cross_validation=True, predict=True, fit_kwargs={}, groups=None, refit=False, verbose=False, system=False, metrics=None, add_to_model_list=True, display=<pycaret.internal.Display.Display object at 0x000001ED826B2310>, kwargs={})
2021-11-05 12:27:08,750:INFO:Checking exceptions
2021-11-05 12:27:08,750:INFO:Importing libraries
2021-11-05 12:27:08,751:INFO:Copying training dataset
2021-11-05 12:27:08,754:INFO:Defining folds
2021-11-05 12:27:08,754:INFO:Declaring metric variables
2021-11-05 12:27:08,778:INFO:Importing untrained model
2021-11-05 12:27:08,812:INFO:K Neighbors Classifier Imported succesfully
2021-11-05 12:27:08,873:INFO:Starting cross validation
2021-11-05 12:27:08,875:INFO:Cross validating with StratifiedKFold(n_splits=10, random_state=None, shuffle=False), n_jobs=1
2021-11-05 12:27:18,718:INFO:Calculating mean and std
2021-11-05 12:27:18,718:INFO:Creating metrics dataframe
2021-11-05 12:27:18,718:INFO:Uploading results into container
2021-11-05 12:27:18,718:INFO:Uploading model into container now
2021-11-05 12:27:18,718:INFO:create_model_container: 2
2021-11-05 12:27:18,718:INFO:master_model_container: 2
2021-11-05 12:27:18,718:INFO:display_container: 2
2021-11-05 12:27:18,718:INFO:KNeighborsClassifier(algorithm='auto', leaf_size=30, metric='minkowski',
                     metric_params=None, n_jobs=-1, n_neighbors=5, p=2,
                     weights='uniform')
2021-11-05 12:27:18,718:INFO:create_model() succesfully completed......................................
2021-11-05 12:27:18,962:INFO:SubProcess create_model() end ==================================
2021-11-05 12:27:18,962:INFO:Creating metrics dataframe
2021-11-05 12:27:18,993:INFO:Initializing Naive Bayes
2021-11-05 12:27:18,993:INFO:Total runtime is 0.5170258720715841 minutes
2021-11-05 12:27:19,034:INFO:SubProcess create_model() called ==================================
2021-11-05 12:27:19,035:INFO:Initializing create_model()
2021-11-05 12:27:19,035:INFO:create_model(estimator=nb, fold=StratifiedKFold(n_splits=10, random_state=None, shuffle=False), round=4, cross_validation=True, predict=True, fit_kwargs={}, groups=None, refit=False, verbose=False, system=False, metrics=None, add_to_model_list=True, display=<pycaret.internal.Display.Display object at 0x000001ED826B2310>, kwargs={})
2021-11-05 12:27:19,035:INFO:Checking exceptions
2021-11-05 12:27:19,037:INFO:Importing libraries
2021-11-05 12:27:19,037:INFO:Copying training dataset
2021-11-05 12:27:19,040:INFO:Defining folds
2021-11-05 12:27:19,041:INFO:Declaring metric variables
2021-11-05 12:27:19,065:INFO:Importing untrained model
2021-11-05 12:27:19,091:INFO:Naive Bayes Imported succesfully
2021-11-05 12:27:19,150:INFO:Starting cross validation
2021-11-05 12:27:19,150:INFO:Cross validating with StratifiedKFold(n_splits=10, random_state=None, shuffle=False), n_jobs=1
2021-11-05 12:27:19,422:INFO:Calculating mean and std
2021-11-05 12:27:19,425:INFO:Creating metrics dataframe
2021-11-05 12:27:19,437:INFO:Uploading results into container
2021-11-05 12:27:19,438:INFO:Uploading model into container now
2021-11-05 12:27:19,438:INFO:create_model_container: 3
2021-11-05 12:27:19,439:INFO:master_model_container: 3
2021-11-05 12:27:19,439:INFO:display_container: 2
2021-11-05 12:27:19,439:INFO:GaussianNB(priors=None, var_smoothing=1e-09)
2021-11-05 12:27:19,439:INFO:create_model() succesfully completed......................................
2021-11-05 12:27:19,659:INFO:SubProcess create_model() end ==================================
2021-11-05 12:27:19,659:INFO:Creating metrics dataframe
2021-11-05 12:27:19,689:INFO:Initializing Decision Tree Classifier
2021-11-05 12:27:19,690:INFO:Total runtime is 0.5286363681157431 minutes
2021-11-05 12:27:19,710:INFO:SubProcess create_model() called ==================================
2021-11-05 12:27:19,710:INFO:Initializing create_model()
2021-11-05 12:27:19,710:INFO:create_model(estimator=dt, fold=StratifiedKFold(n_splits=10, random_state=None, shuffle=False), round=4, cross_validation=True, predict=True, fit_kwargs={}, groups=None, refit=False, verbose=False, system=False, metrics=None, add_to_model_list=True, display=<pycaret.internal.Display.Display object at 0x000001ED826B2310>, kwargs={})
2021-11-05 12:27:19,710:INFO:Checking exceptions
2021-11-05 12:27:19,710:INFO:Importing libraries
2021-11-05 12:27:19,710:INFO:Copying training dataset
2021-11-05 12:27:19,717:INFO:Defining folds
2021-11-05 12:27:19,717:INFO:Declaring metric variables
2021-11-05 12:27:19,746:INFO:Importing untrained model
2021-11-05 12:27:19,776:INFO:Decision Tree Classifier Imported succesfully
2021-11-05 12:27:19,839:INFO:Starting cross validation
2021-11-05 12:27:19,839:INFO:Cross validating with StratifiedKFold(n_splits=10, random_state=None, shuffle=False), n_jobs=1
2021-11-05 12:27:20,107:INFO:Calculating mean and std
2021-11-05 12:27:20,107:INFO:Creating metrics dataframe
2021-11-05 12:27:20,114:INFO:Uploading results into container
2021-11-05 12:27:20,114:INFO:Uploading model into container now
2021-11-05 12:27:20,114:INFO:create_model_container: 4
2021-11-05 12:27:20,114:INFO:master_model_container: 4
2021-11-05 12:27:20,114:INFO:display_container: 2
2021-11-05 12:27:20,114:INFO:DecisionTreeClassifier(ccp_alpha=0.0, class_weight=None, criterion='gini',
                       max_depth=None, max_features=None, max_leaf_nodes=None,
                       min_impurity_decrease=0.0, min_impurity_split=None,
                       min_samples_leaf=1, min_samples_split=2,
                       min_weight_fraction_leaf=0.0, presort='deprecated',
                       random_state=8789, splitter='best')
2021-11-05 12:27:20,114:INFO:create_model() succesfully completed......................................
2021-11-05 12:27:20,360:INFO:SubProcess create_model() end ==================================
2021-11-05 12:27:20,360:INFO:Creating metrics dataframe
2021-11-05 12:27:20,409:INFO:Initializing SVM - Linear Kernel
2021-11-05 12:27:20,409:INFO:Total runtime is 0.5406222502390544 minutes
2021-11-05 12:27:20,439:INFO:SubProcess create_model() called ==================================
2021-11-05 12:27:20,439:INFO:Initializing create_model()
2021-11-05 12:27:20,439:INFO:create_model(estimator=svm, fold=StratifiedKFold(n_splits=10, random_state=None, shuffle=False), round=4, cross_validation=True, predict=True, fit_kwargs={}, groups=None, refit=False, verbose=False, system=False, metrics=None, add_to_model_list=True, display=<pycaret.internal.Display.Display object at 0x000001ED826B2310>, kwargs={})
2021-11-05 12:27:20,439:INFO:Checking exceptions
2021-11-05 12:27:20,439:INFO:Importing libraries
2021-11-05 12:27:20,439:INFO:Copying training dataset
2021-11-05 12:27:20,446:INFO:Defining folds
2021-11-05 12:27:20,447:INFO:Declaring metric variables
2021-11-05 12:27:20,467:INFO:Importing untrained model
2021-11-05 12:27:20,504:INFO:SVM - Linear Kernel Imported succesfully
2021-11-05 12:27:20,579:INFO:Starting cross validation
2021-11-05 12:27:20,583:INFO:Cross validating with StratifiedKFold(n_splits=10, random_state=None, shuffle=False), n_jobs=1
2021-11-05 12:27:20,825:INFO:Calculating mean and std
2021-11-05 12:27:20,833:INFO:Creating metrics dataframe
2021-11-05 12:27:20,833:INFO:Uploading results into container
2021-11-05 12:27:20,833:INFO:Uploading model into container now
2021-11-05 12:27:20,833:INFO:create_model_container: 5
2021-11-05 12:27:20,833:INFO:master_model_container: 5
2021-11-05 12:27:20,833:INFO:display_container: 2
2021-11-05 12:27:20,833:INFO:SGDClassifier(alpha=0.0001, average=False, class_weight=None,
              early_stopping=False, epsilon=0.1, eta0=0.001, fit_intercept=True,
              l1_ratio=0.15, learning_rate='optimal', loss='hinge',
              max_iter=1000, n_iter_no_change=5, n_jobs=-1, penalty='l2',
              power_t=0.5, random_state=8789, shuffle=True, tol=0.001,
              validation_fraction=0.1, verbose=0, warm_start=False)
2021-11-05 12:27:20,833:INFO:create_model() succesfully completed......................................
2021-11-05 12:27:21,083:INFO:SubProcess create_model() end ==================================
2021-11-05 12:27:21,083:INFO:Creating metrics dataframe
2021-11-05 12:27:21,125:INFO:Initializing Ridge Classifier
2021-11-05 12:27:21,125:INFO:Total runtime is 0.5525566021601359 minutes
2021-11-05 12:27:21,153:INFO:SubProcess create_model() called ==================================
2021-11-05 12:27:21,155:INFO:Initializing create_model()
2021-11-05 12:27:21,155:INFO:create_model(estimator=ridge, fold=StratifiedKFold(n_splits=10, random_state=None, shuffle=False), round=4, cross_validation=True, predict=True, fit_kwargs={}, groups=None, refit=False, verbose=False, system=False, metrics=None, add_to_model_list=True, display=<pycaret.internal.Display.Display object at 0x000001ED826B2310>, kwargs={})
2021-11-05 12:27:21,156:INFO:Checking exceptions
2021-11-05 12:27:21,156:INFO:Importing libraries
2021-11-05 12:27:21,156:INFO:Copying training dataset
2021-11-05 12:27:21,159:INFO:Defining folds
2021-11-05 12:27:21,160:INFO:Declaring metric variables
2021-11-05 12:27:21,181:INFO:Importing untrained model
2021-11-05 12:27:21,203:INFO:Ridge Classifier Imported succesfully
2021-11-05 12:27:21,256:INFO:Starting cross validation
2021-11-05 12:27:21,256:INFO:Cross validating with StratifiedKFold(n_splits=10, random_state=None, shuffle=False), n_jobs=1
2021-11-05 12:27:21,712:INFO:Calculating mean and std
2021-11-05 12:27:21,712:INFO:Creating metrics dataframe
2021-11-05 12:27:21,727:INFO:Uploading results into container
2021-11-05 12:27:21,727:INFO:Uploading model into container now
2021-11-05 12:27:21,727:INFO:create_model_container: 6
2021-11-05 12:27:21,727:INFO:master_model_container: 6
2021-11-05 12:27:21,727:INFO:display_container: 2
2021-11-05 12:27:21,727:INFO:RidgeClassifier(alpha=1.0, class_weight=None, copy_X=True, fit_intercept=True,
                max_iter=None, normalize=False, random_state=8789,
                solver='auto', tol=0.001)
2021-11-05 12:27:21,727:INFO:create_model() succesfully completed......................................
2021-11-05 12:27:21,983:INFO:SubProcess create_model() end ==================================
2021-11-05 12:27:21,983:INFO:Creating metrics dataframe
2021-11-05 12:27:22,014:INFO:Initializing Random Forest Classifier
2021-11-05 12:27:22,014:INFO:Total runtime is 0.5673687815666199 minutes
2021-11-05 12:27:22,051:INFO:SubProcess create_model() called ==================================
2021-11-05 12:27:22,053:INFO:Initializing create_model()
2021-11-05 12:27:22,054:INFO:create_model(estimator=rf, fold=StratifiedKFold(n_splits=10, random_state=None, shuffle=False), round=4, cross_validation=True, predict=True, fit_kwargs={}, groups=None, refit=False, verbose=False, system=False, metrics=None, add_to_model_list=True, display=<pycaret.internal.Display.Display object at 0x000001ED826B2310>, kwargs={})
2021-11-05 12:27:22,054:INFO:Checking exceptions
2021-11-05 12:27:22,054:INFO:Importing libraries
2021-11-05 12:27:22,055:INFO:Copying training dataset
2021-11-05 12:27:22,058:INFO:Defining folds
2021-11-05 12:27:22,058:INFO:Declaring metric variables
2021-11-05 12:27:22,084:INFO:Importing untrained model
2021-11-05 12:27:22,115:INFO:Random Forest Classifier Imported succesfully
2021-11-05 12:27:22,175:INFO:Starting cross validation
2021-11-05 12:27:22,178:INFO:Cross validating with StratifiedKFold(n_splits=10, random_state=None, shuffle=False), n_jobs=1
2021-11-05 12:27:41,794:INFO:Calculating mean and std
2021-11-05 12:27:41,796:INFO:Creating metrics dataframe
2021-11-05 12:27:41,804:INFO:Uploading results into container
2021-11-05 12:27:41,804:INFO:Uploading model into container now
2021-11-05 12:27:41,804:INFO:create_model_container: 7
2021-11-05 12:27:41,805:INFO:master_model_container: 7
2021-11-05 12:27:41,805:INFO:display_container: 2
2021-11-05 12:27:41,807:INFO:RandomForestClassifier(bootstrap=True, ccp_alpha=0.0, class_weight=None,
                       criterion='gini', max_depth=None, max_features='auto',
                       max_leaf_nodes=None, max_samples=None,
                       min_impurity_decrease=0.0, min_impurity_split=None,
                       min_samples_leaf=1, min_samples_split=2,
                       min_weight_fraction_leaf=0.0, n_estimators=100,
                       n_jobs=-1, oob_score=False, random_state=8789, verbose=0,
                       warm_start=False)
2021-11-05 12:27:41,808:INFO:create_model() succesfully completed......................................
2021-11-05 12:27:42,035:INFO:SubProcess create_model() end ==================================
2021-11-05 12:27:42,035:INFO:Creating metrics dataframe
2021-11-05 12:27:42,084:INFO:Initializing Quadratic Discriminant Analysis
2021-11-05 12:27:42,086:INFO:Total runtime is 0.9018967072168986 minutes
2021-11-05 12:27:42,113:INFO:SubProcess create_model() called ==================================
2021-11-05 12:27:42,115:INFO:Initializing create_model()
2021-11-05 12:27:42,115:INFO:create_model(estimator=qda, fold=StratifiedKFold(n_splits=10, random_state=None, shuffle=False), round=4, cross_validation=True, predict=True, fit_kwargs={}, groups=None, refit=False, verbose=False, system=False, metrics=None, add_to_model_list=True, display=<pycaret.internal.Display.Display object at 0x000001ED826B2310>, kwargs={})
2021-11-05 12:27:42,116:INFO:Checking exceptions
2021-11-05 12:27:42,116:INFO:Importing libraries
2021-11-05 12:27:42,117:INFO:Copying training dataset
2021-11-05 12:27:42,120:INFO:Defining folds
2021-11-05 12:27:42,121:INFO:Declaring metric variables
2021-11-05 12:27:42,149:INFO:Importing untrained model
2021-11-05 12:27:42,181:INFO:Quadratic Discriminant Analysis Imported succesfully
2021-11-05 12:27:42,250:INFO:Starting cross validation
2021-11-05 12:27:42,253:INFO:Cross validating with StratifiedKFold(n_splits=10, random_state=None, shuffle=False), n_jobs=1
2021-11-05 12:27:42,631:INFO:Calculating mean and std
2021-11-05 12:27:42,631:INFO:Creating metrics dataframe
2021-11-05 12:27:42,647:INFO:Uploading results into container
2021-11-05 12:27:42,647:INFO:Uploading model into container now
2021-11-05 12:27:42,647:INFO:create_model_container: 8
2021-11-05 12:27:42,647:INFO:master_model_container: 8
2021-11-05 12:27:42,647:INFO:display_container: 2
2021-11-05 12:27:42,647:INFO:QuadraticDiscriminantAnalysis(priors=None, reg_param=0.0,
                              store_covariance=False, tol=0.0001)
2021-11-05 12:27:42,647:INFO:create_model() succesfully completed......................................
2021-11-05 12:27:42,879:INFO:SubProcess create_model() end ==================================
2021-11-05 12:27:42,879:INFO:Creating metrics dataframe
2021-11-05 12:27:42,932:INFO:Initializing Ada Boost Classifier
2021-11-05 12:27:42,932:INFO:Total runtime is 0.9160062829653423 minutes
2021-11-05 12:27:42,952:INFO:SubProcess create_model() called ==================================
2021-11-05 12:27:42,953:INFO:Initializing create_model()
2021-11-05 12:27:42,953:INFO:create_model(estimator=ada, fold=StratifiedKFold(n_splits=10, random_state=None, shuffle=False), round=4, cross_validation=True, predict=True, fit_kwargs={}, groups=None, refit=False, verbose=False, system=False, metrics=None, add_to_model_list=True, display=<pycaret.internal.Display.Display object at 0x000001ED826B2310>, kwargs={})
2021-11-05 12:27:42,953:INFO:Checking exceptions
2021-11-05 12:27:42,953:INFO:Importing libraries
2021-11-05 12:27:42,953:INFO:Copying training dataset
2021-11-05 12:27:42,953:INFO:Defining folds
2021-11-05 12:27:42,957:INFO:Declaring metric variables
2021-11-05 12:27:42,986:INFO:Importing untrained model
2021-11-05 12:27:43,018:INFO:Ada Boost Classifier Imported succesfully
2021-11-05 12:27:43,070:INFO:Starting cross validation
2021-11-05 12:27:43,077:INFO:Cross validating with StratifiedKFold(n_splits=10, random_state=None, shuffle=False), n_jobs=1
2021-11-05 12:27:45,377:INFO:Calculating mean and std
2021-11-05 12:27:45,394:INFO:Creating metrics dataframe
2021-11-05 12:27:45,394:INFO:Uploading results into container
2021-11-05 12:27:45,394:INFO:Uploading model into container now
2021-11-05 12:27:45,394:INFO:create_model_container: 9
2021-11-05 12:27:45,394:INFO:master_model_container: 9
2021-11-05 12:27:45,394:INFO:display_container: 2
2021-11-05 12:27:45,394:INFO:AdaBoostClassifier(algorithm='SAMME.R', base_estimator=None, learning_rate=1.0,
                   n_estimators=50, random_state=8789)
2021-11-05 12:27:45,394:INFO:create_model() succesfully completed......................................
2021-11-05 12:27:45,623:INFO:SubProcess create_model() end ==================================
2021-11-05 12:27:45,639:INFO:Creating metrics dataframe
2021-11-05 12:27:45,672:INFO:Initializing Gradient Boosting Classifier
2021-11-05 12:27:45,672:INFO:Total runtime is 0.9616721908251445 minutes
2021-11-05 12:27:45,706:INFO:SubProcess create_model() called ==================================
2021-11-05 12:27:45,707:INFO:Initializing create_model()
2021-11-05 12:27:45,708:INFO:create_model(estimator=gbc, fold=StratifiedKFold(n_splits=10, random_state=None, shuffle=False), round=4, cross_validation=True, predict=True, fit_kwargs={}, groups=None, refit=False, verbose=False, system=False, metrics=None, add_to_model_list=True, display=<pycaret.internal.Display.Display object at 0x000001ED826B2310>, kwargs={})
2021-11-05 12:27:45,708:INFO:Checking exceptions
2021-11-05 12:27:45,708:INFO:Importing libraries
2021-11-05 12:27:45,708:INFO:Copying training dataset
2021-11-05 12:27:45,712:INFO:Defining folds
2021-11-05 12:27:45,713:INFO:Declaring metric variables
2021-11-05 12:27:45,741:INFO:Importing untrained model
2021-11-05 12:27:45,771:INFO:Gradient Boosting Classifier Imported succesfully
2021-11-05 12:27:45,833:INFO:Starting cross validation
2021-11-05 12:27:45,833:INFO:Cross validating with StratifiedKFold(n_splits=10, random_state=None, shuffle=False), n_jobs=1
2021-11-05 12:27:48,738:INFO:Calculating mean and std
2021-11-05 12:27:48,738:INFO:Creating metrics dataframe
2021-11-05 12:27:48,738:INFO:Uploading results into container
2021-11-05 12:27:48,738:INFO:Uploading model into container now
2021-11-05 12:27:48,738:INFO:create_model_container: 10
2021-11-05 12:27:48,738:INFO:master_model_container: 10
2021-11-05 12:27:48,738:INFO:display_container: 2
2021-11-05 12:27:48,754:INFO:GradientBoostingClassifier(ccp_alpha=0.0, criterion='friedman_mse', init=None,
                           learning_rate=0.1, loss='deviance', max_depth=3,
                           max_features=None, max_leaf_nodes=None,
                           min_impurity_decrease=0.0, min_impurity_split=None,
                           min_samples_leaf=1, min_samples_split=2,
                           min_weight_fraction_leaf=0.0, n_estimators=100,
                           n_iter_no_change=None, presort='deprecated',
                           random_state=8789, subsample=1.0, tol=0.0001,
                           validation_fraction=0.1, verbose=0,
                           warm_start=False)
2021-11-05 12:27:48,754:INFO:create_model() succesfully completed......................................
2021-11-05 12:27:49,006:INFO:SubProcess create_model() end ==================================
2021-11-05 12:27:49,006:INFO:Creating metrics dataframe
2021-11-05 12:27:49,053:INFO:Initializing Linear Discriminant Analysis
2021-11-05 12:27:49,053:INFO:Total runtime is 1.0180270751317344 minutes
2021-11-05 12:27:49,087:INFO:SubProcess create_model() called ==================================
2021-11-05 12:27:49,089:INFO:Initializing create_model()
2021-11-05 12:27:49,089:INFO:create_model(estimator=lda, fold=StratifiedKFold(n_splits=10, random_state=None, shuffle=False), round=4, cross_validation=True, predict=True, fit_kwargs={}, groups=None, refit=False, verbose=False, system=False, metrics=None, add_to_model_list=True, display=<pycaret.internal.Display.Display object at 0x000001ED826B2310>, kwargs={})
2021-11-05 12:27:49,089:INFO:Checking exceptions
2021-11-05 12:27:49,089:INFO:Importing libraries
2021-11-05 12:27:49,090:INFO:Copying training dataset
2021-11-05 12:27:49,093:INFO:Defining folds
2021-11-05 12:27:49,094:INFO:Declaring metric variables
2021-11-05 12:27:49,128:INFO:Importing untrained model
2021-11-05 12:27:49,165:INFO:Linear Discriminant Analysis Imported succesfully
2021-11-05 12:27:49,226:INFO:Starting cross validation
2021-11-05 12:27:49,226:INFO:Cross validating with StratifiedKFold(n_splits=10, random_state=None, shuffle=False), n_jobs=1
2021-11-05 12:27:49,580:INFO:Calculating mean and std
2021-11-05 12:27:49,580:INFO:Creating metrics dataframe
2021-11-05 12:27:49,598:INFO:Uploading results into container
2021-11-05 12:27:49,598:INFO:Uploading model into container now
2021-11-05 12:27:49,599:INFO:create_model_container: 11
2021-11-05 12:27:49,599:INFO:master_model_container: 11
2021-11-05 12:27:49,599:INFO:display_container: 2
2021-11-05 12:27:49,600:INFO:LinearDiscriminantAnalysis(n_components=None, priors=None, shrinkage=None,
                           solver='svd', store_covariance=False, tol=0.0001)
2021-11-05 12:27:49,600:INFO:create_model() succesfully completed......................................
2021-11-05 12:27:49,797:INFO:SubProcess create_model() end ==================================
2021-11-05 12:27:49,797:INFO:Creating metrics dataframe
2021-11-05 12:27:49,830:INFO:Initializing Extra Trees Classifier
2021-11-05 12:27:49,830:INFO:Total runtime is 1.0309760649998985 minutes
2021-11-05 12:27:49,858:INFO:SubProcess create_model() called ==================================
2021-11-05 12:27:49,859:INFO:Initializing create_model()
2021-11-05 12:27:49,860:INFO:create_model(estimator=et, fold=StratifiedKFold(n_splits=10, random_state=None, shuffle=False), round=4, cross_validation=True, predict=True, fit_kwargs={}, groups=None, refit=False, verbose=False, system=False, metrics=None, add_to_model_list=True, display=<pycaret.internal.Display.Display object at 0x000001ED826B2310>, kwargs={})
2021-11-05 12:27:49,860:INFO:Checking exceptions
2021-11-05 12:27:49,861:INFO:Importing libraries
2021-11-05 12:27:49,861:INFO:Copying training dataset
2021-11-05 12:27:49,863:INFO:Defining folds
2021-11-05 12:27:49,864:INFO:Declaring metric variables
2021-11-05 12:27:49,886:INFO:Importing untrained model
2021-11-05 12:27:49,909:INFO:Extra Trees Classifier Imported succesfully
2021-11-05 12:27:49,969:INFO:Starting cross validation
2021-11-05 12:27:49,969:INFO:Cross validating with StratifiedKFold(n_splits=10, random_state=None, shuffle=False), n_jobs=1
2021-11-05 12:28:08,467:INFO:Calculating mean and std
2021-11-05 12:28:08,467:INFO:Creating metrics dataframe
2021-11-05 12:28:08,488:INFO:Uploading results into container
2021-11-05 12:28:08,488:INFO:Uploading model into container now
2021-11-05 12:28:08,488:INFO:create_model_container: 12
2021-11-05 12:28:08,488:INFO:master_model_container: 12
2021-11-05 12:28:08,488:INFO:display_container: 2
2021-11-05 12:28:08,488:INFO:ExtraTreesClassifier(bootstrap=False, ccp_alpha=0.0, class_weight=None,
                     criterion='gini', max_depth=None, max_features='auto',
                     max_leaf_nodes=None, max_samples=None,
                     min_impurity_decrease=0.0, min_impurity_split=None,
                     min_samples_leaf=1, min_samples_split=2,
                     min_weight_fraction_leaf=0.0, n_estimators=100, n_jobs=-1,
                     oob_score=False, random_state=8789, verbose=0,
                     warm_start=False)
2021-11-05 12:28:08,488:INFO:create_model() succesfully completed......................................
2021-11-05 12:28:08,755:INFO:SubProcess create_model() end ==================================
2021-11-05 12:28:08,755:INFO:Creating metrics dataframe
2021-11-05 12:28:08,800:INFO:Initializing Extreme Gradient Boosting
2021-11-05 12:28:08,800:INFO:Total runtime is 1.347138853867849 minutes
2021-11-05 12:28:08,818:INFO:SubProcess create_model() called ==================================
2021-11-05 12:28:08,827:INFO:Initializing create_model()
2021-11-05 12:28:08,827:INFO:create_model(estimator=xgboost, fold=StratifiedKFold(n_splits=10, random_state=None, shuffle=False), round=4, cross_validation=True, predict=True, fit_kwargs={}, groups=None, refit=False, verbose=False, system=False, metrics=None, add_to_model_list=True, display=<pycaret.internal.Display.Display object at 0x000001ED826B2310>, kwargs={})
2021-11-05 12:28:08,827:INFO:Checking exceptions
2021-11-05 12:28:08,828:INFO:Importing libraries
2021-11-05 12:28:08,828:INFO:Copying training dataset
2021-11-05 12:28:08,831:INFO:Defining folds
2021-11-05 12:28:08,832:INFO:Declaring metric variables
2021-11-05 12:28:08,858:INFO:Importing untrained model
2021-11-05 12:28:08,887:INFO:Extreme Gradient Boosting Imported succesfully
2021-11-05 12:28:08,948:INFO:Starting cross validation
2021-11-05 12:28:08,953:INFO:Cross validating with StratifiedKFold(n_splits=10, random_state=None, shuffle=False), n_jobs=1
2021-11-05 12:28:19,832:INFO:Calculating mean and std
2021-11-05 12:28:19,832:INFO:Creating metrics dataframe
2021-11-05 12:28:19,863:INFO:Uploading results into container
2021-11-05 12:28:19,863:INFO:Uploading model into container now
2021-11-05 12:28:19,863:INFO:create_model_container: 13
2021-11-05 12:28:19,863:INFO:master_model_container: 13
2021-11-05 12:28:19,863:INFO:display_container: 2
2021-11-05 12:28:19,863:INFO:XGBClassifier(base_score=None, booster='gbtree', colsample_bylevel=None,
              colsample_bynode=None, colsample_bytree=None, gamma=None,
              gpu_id=None, importance_type='gain', interaction_constraints=None,
              learning_rate=None, max_delta_step=None, max_depth=None,
              min_child_weight=None, missing=nan, monotone_constraints=None,
              n_estimators=100, n_jobs=-1, num_parallel_tree=None,
              objective='binary:logistic', random_state=8789, reg_alpha=None,
              reg_lambda=None, scale_pos_weight=None, subsample=None,
              tree_method='gpu_hist', validate_parameters=None, verbosity=0)
2021-11-05 12:28:19,863:INFO:create_model() succesfully completed......................................
2021-11-05 12:28:20,106:INFO:SubProcess create_model() end ==================================
2021-11-05 12:28:20,106:INFO:Creating metrics dataframe
2021-11-05 12:28:20,159:INFO:Initializing Light Gradient Boosting Machine
2021-11-05 12:28:20,165:INFO:Total runtime is 1.5365490516026818 minutes
2021-11-05 12:28:20,182:INFO:SubProcess create_model() called ==================================
2021-11-05 12:28:20,182:INFO:Initializing create_model()
2021-11-05 12:28:20,182:INFO:create_model(estimator=lightgbm, fold=StratifiedKFold(n_splits=10, random_state=None, shuffle=False), round=4, cross_validation=True, predict=True, fit_kwargs={}, groups=None, refit=False, verbose=False, system=False, metrics=None, add_to_model_list=True, display=<pycaret.internal.Display.Display object at 0x000001ED826B2310>, kwargs={})
2021-11-05 12:28:20,182:INFO:Checking exceptions
2021-11-05 12:28:20,182:INFO:Importing libraries
2021-11-05 12:28:20,189:INFO:Copying training dataset
2021-11-05 12:28:20,191:INFO:Defining folds
2021-11-05 12:28:20,192:INFO:Declaring metric variables
2021-11-05 12:28:20,216:INFO:Importing untrained model
2021-11-05 12:28:20,244:INFO:Light Gradient Boosting Machine Imported succesfully
2021-11-05 12:28:20,299:INFO:Starting cross validation
2021-11-05 12:28:20,299:INFO:Cross validating with StratifiedKFold(n_splits=10, random_state=None, shuffle=False), n_jobs=1
2021-11-05 12:28:22,545:INFO:Calculating mean and std
2021-11-05 12:28:22,545:INFO:Creating metrics dataframe
2021-11-05 12:28:22,561:INFO:Uploading results into container
2021-11-05 12:28:22,561:INFO:Uploading model into container now
2021-11-05 12:28:22,561:INFO:create_model_container: 14
2021-11-05 12:28:22,561:INFO:master_model_container: 14
2021-11-05 12:28:22,561:INFO:display_container: 2
2021-11-05 12:28:22,561:INFO:LGBMClassifier(boosting_type='gbdt', class_weight=None, colsample_bytree=1.0,
               importance_type='split', learning_rate=0.1, max_depth=-1,
               min_child_samples=20, min_child_weight=0.001, min_split_gain=0.0,
               n_estimators=100, n_jobs=-1, num_leaves=31, objective=None,
               random_state=8789, reg_alpha=0.0, reg_lambda=0.0, silent=True,
               subsample=1.0, subsample_for_bin=200000, subsample_freq=0)
2021-11-05 12:28:22,561:INFO:create_model() succesfully completed......................................
2021-11-05 12:28:22,816:INFO:SubProcess create_model() end ==================================
2021-11-05 12:28:22,816:INFO:Creating metrics dataframe
2021-11-05 12:28:22,861:INFO:Initializing CatBoost Classifier
2021-11-05 12:28:22,861:INFO:Total runtime is 1.5814851760864261 minutes
2021-11-05 12:28:22,882:INFO:SubProcess create_model() called ==================================
2021-11-05 12:28:22,884:INFO:Initializing create_model()
2021-11-05 12:28:22,884:INFO:create_model(estimator=catboost, fold=StratifiedKFold(n_splits=10, random_state=None, shuffle=False), round=4, cross_validation=True, predict=True, fit_kwargs={}, groups=None, refit=False, verbose=False, system=False, metrics=None, add_to_model_list=True, display=<pycaret.internal.Display.Display object at 0x000001ED826B2310>, kwargs={})
2021-11-05 12:28:22,885:INFO:Checking exceptions
2021-11-05 12:28:22,885:INFO:Importing libraries
2021-11-05 12:28:22,886:INFO:Copying training dataset
2021-11-05 12:28:22,888:INFO:Defining folds
2021-11-05 12:28:22,889:INFO:Declaring metric variables
2021-11-05 12:28:22,920:INFO:Importing untrained model
2021-11-05 12:28:22,952:INFO:CatBoost Classifier Imported succesfully
2021-11-05 12:28:23,043:INFO:Starting cross validation
2021-11-05 12:28:23,056:INFO:Cross validating with StratifiedKFold(n_splits=10, random_state=None, shuffle=False), n_jobs=1
2021-11-05 12:29:24,014:INFO:Calculating mean and std
2021-11-05 12:29:24,014:INFO:Creating metrics dataframe
2021-11-05 12:29:24,038:INFO:Uploading results into container
2021-11-05 12:29:24,039:INFO:Uploading model into container now
2021-11-05 12:29:24,039:INFO:create_model_container: 15
2021-11-05 12:29:24,040:INFO:master_model_container: 15
2021-11-05 12:29:24,040:INFO:display_container: 2
2021-11-05 12:29:24,040:INFO:<catboost.core.CatBoostClassifier object at 0x000001ED8CEBAB80>
2021-11-05 12:29:24,041:INFO:create_model() succesfully completed......................................
2021-11-05 12:29:24,284:INFO:SubProcess create_model() end ==================================
2021-11-05 12:29:24,284:INFO:Creating metrics dataframe
2021-11-05 12:29:24,380:INFO:Initializing create_model()
2021-11-05 12:29:24,381:INFO:create_model(estimator=<catboost.core.CatBoostClassifier object at 0x000001ED8CEBAB80>, fold=StratifiedKFold(n_splits=10, random_state=None, shuffle=False), round=4, cross_validation=False, predict=False, fit_kwargs={}, groups=None, refit=True, verbose=False, system=False, metrics=None, add_to_model_list=True, display=None, kwargs={})
2021-11-05 12:29:24,381:INFO:Checking exceptions
2021-11-05 12:29:24,383:INFO:Importing libraries
2021-11-05 12:29:24,384:INFO:Copying training dataset
2021-11-05 12:29:24,385:INFO:Defining folds
2021-11-05 12:29:24,385:INFO:Declaring metric variables
2021-11-05 12:29:24,386:INFO:Importing untrained model
2021-11-05 12:29:24,386:INFO:Declaring custom model
2021-11-05 12:29:24,387:INFO:CatBoost Classifier Imported succesfully
2021-11-05 12:29:24,389:INFO:Cross validation set to False
2021-11-05 12:29:24,389:INFO:Fitting Model
2021-11-05 12:29:30,324:INFO:<catboost.core.CatBoostClassifier object at 0x000001ED8B715190>
2021-11-05 12:29:30,324:INFO:create_models() succesfully completed......................................
2021-11-05 12:29:30,650:INFO:create_model_container: 15
2021-11-05 12:29:30,650:INFO:master_model_container: 15
2021-11-05 12:29:30,650:INFO:display_container: 2
2021-11-05 12:29:30,658:INFO:<catboost.core.CatBoostClassifier object at 0x000001ED8B715190>
2021-11-05 12:29:30,659:INFO:compare_models() succesfully completed......................................
2021-11-05 12:35:30,111:INFO:Initializing create_model()
2021-11-05 12:35:30,111:INFO:create_model(estimator=rf, fold=None, round=4, cross_validation=True, predict=True, fit_kwargs=None, groups=None, refit=True, verbose=True, system=True, metrics=None, add_to_model_list=True, display=None, kwargs={'folds': 10})
2021-11-05 12:35:30,114:INFO:Checking exceptions
2021-11-05 12:35:30,115:INFO:Preparing display monitor
2021-11-05 12:35:30,199:INFO:Importing libraries
2021-11-05 12:35:30,201:INFO:Copying training dataset
2021-11-05 12:35:30,205:INFO:Defining folds
2021-11-05 12:35:30,206:INFO:Declaring metric variables
2021-11-05 12:35:30,231:INFO:Importing untrained model
2021-11-05 12:35:50,981:INFO:Initializing create_model()
2021-11-05 12:35:50,982:INFO:create_model(estimator=rf, fold=10, round=4, cross_validation=True, predict=True, fit_kwargs=None, groups=None, refit=True, verbose=True, system=True, metrics=None, add_to_model_list=True, display=None, kwargs={})
2021-11-05 12:35:50,982:INFO:Checking exceptions
2021-11-05 12:35:50,982:INFO:Preparing display monitor
2021-11-05 12:35:51,049:INFO:Importing libraries
2021-11-05 12:35:51,050:INFO:Copying training dataset
2021-11-05 12:35:51,052:INFO:Defining folds
2021-11-05 12:35:51,053:INFO:Declaring metric variables
2021-11-05 12:35:51,074:INFO:Importing untrained model
2021-11-05 12:35:51,105:INFO:Random Forest Classifier Imported succesfully
2021-11-05 12:35:51,167:INFO:Starting cross validation
2021-11-05 12:35:51,168:INFO:Cross validating with StratifiedKFold(n_splits=10, random_state=None, shuffle=False), n_jobs=1
2021-11-05 12:36:18,355:INFO:Calculating mean and std
2021-11-05 12:36:18,355:INFO:Creating metrics dataframe
2021-11-05 12:36:18,397:INFO:Finalizing model
2021-11-05 12:36:19,259:INFO:Uploading results into container
2021-11-05 12:36:19,260:INFO:Uploading model into container now
2021-11-05 12:36:19,307:INFO:create_model_container: 16
2021-11-05 12:36:19,307:INFO:master_model_container: 16
2021-11-05 12:36:19,307:INFO:display_container: 3
2021-11-05 12:36:19,313:INFO:RandomForestClassifier(bootstrap=True, ccp_alpha=0.0, class_weight=None,
                       criterion='gini', max_depth=None, max_features='auto',
                       max_leaf_nodes=None, max_samples=None,
                       min_impurity_decrease=0.0, min_impurity_split=None,
                       min_samples_leaf=1, min_samples_split=2,
                       min_weight_fraction_leaf=0.0, n_estimators=100,
                       n_jobs=-1, oob_score=False, random_state=8789, verbose=0,
                       warm_start=False)
2021-11-05 12:36:19,313:INFO:create_model() succesfully completed......................................
2021-11-05 12:37:43,249:INFO:Initializing create_model()
2021-11-05 12:37:43,249:INFO:create_model(estimator=rf, fold=None, round=4, cross_validation=True, predict=True, fit_kwargs=None, groups=None, refit=True, verbose=0, system=True, metrics=None, add_to_model_list=True, display=None, kwargs={'bootstrap': True, 'ccp_alpha': 0.0, 'class_weight': None, 'criterion': 'gini', 'max_depth': None, 'max_features': 'auto', 'max_leaf_nodes': None, 'max_samples': None, 'min_impurity_decrease': 0.0, 'min_impurity_split': None, 'min_samples_leaf': 1, 'min_samples_split': 2, 'min_weight_fraction_leaf': 0.0, 'n_estimators': 100, 'n_jobs': -1, 'oob_score': False, 'random_state': 8789, 'warm_start': False})
2021-11-05 12:37:43,249:INFO:Checking exceptions
2021-11-05 12:39:01,354:INFO:Initializing create_model()
2021-11-05 12:39:01,361:INFO:create_model(estimator=rf, fold=None, round=4, cross_validation=True, predict=True, fit_kwargs=None, groups=None, refit=True, verbose=True, system=True, metrics=None, add_to_model_list=True, display=None, kwargs={'bootstrap': True, 'ccp_alpha': 0.0, 'class_weight': None, 'criterion': 'gini', 'max_depth': None, 'max_features': 'auto', 'max_leaf_nodes': None, 'max_samples': None, 'min_impurity_decrease': 0.0, 'min_impurity_split': None, 'min_samples_leaf': 1, 'min_samples_split': 2, 'min_weight_fraction_leaf': 0.0, 'n_estimators': 100, 'n_jobs': -1, 'oob_score': False, 'random_state': 8789, 'warm_start': False})
2021-11-05 12:39:01,362:INFO:Checking exceptions
2021-11-05 12:39:01,362:INFO:Preparing display monitor
2021-11-05 12:39:01,432:INFO:Importing libraries
2021-11-05 12:39:01,433:INFO:Copying training dataset
2021-11-05 12:39:01,435:INFO:Defining folds
2021-11-05 12:39:01,436:INFO:Declaring metric variables
2021-11-05 12:39:01,451:INFO:Importing untrained model
2021-11-05 12:39:01,484:INFO:Random Forest Classifier Imported succesfully
2021-11-05 12:39:01,547:INFO:Starting cross validation
2021-11-05 12:39:01,549:INFO:Cross validating with StratifiedKFold(n_splits=10, random_state=None, shuffle=False), n_jobs=1
2021-11-05 12:39:20,377:INFO:Calculating mean and std
2021-11-05 12:39:20,377:INFO:Creating metrics dataframe
2021-11-05 12:39:20,418:INFO:Finalizing model
2021-11-05 12:39:21,251:INFO:Uploading results into container
2021-11-05 12:39:21,252:INFO:Uploading model into container now
2021-11-05 12:39:21,287:INFO:create_model_container: 17
2021-11-05 12:39:21,287:INFO:master_model_container: 17
2021-11-05 12:39:21,287:INFO:display_container: 4
2021-11-05 12:39:21,289:INFO:RandomForestClassifier(bootstrap=True, ccp_alpha=0.0, class_weight=None,
                       criterion='gini', max_depth=None, max_features='auto',
                       max_leaf_nodes=None, max_samples=None,
                       min_impurity_decrease=0.0, min_impurity_split=None,
                       min_samples_leaf=1, min_samples_split=2,
                       min_weight_fraction_leaf=0.0, n_estimators=100,
                       n_jobs=-1, oob_score=False, random_state=8789, verbose=0,
                       warm_start=False)
2021-11-05 12:39:21,289:INFO:create_model() succesfully completed......................................
2021-11-05 12:48:42,062:INFO:Initializing plot_model()
2021-11-05 12:48:42,063:INFO:plot_model(fold=None, use_train_data=False, verbose=True, is_in_evaluate=False, display=None, display_format=None, estimator=RandomForestClassifier(bootstrap=True, ccp_alpha=0.0, class_weight=None,
                       criterion='gini', max_depth=None, max_features='auto',
                       max_leaf_nodes=None, max_samples=None,
                       min_impurity_decrease=0.0, min_impurity_split=None,
                       min_samples_leaf=1, min_samples_split=2,
                       min_weight_fraction_leaf=0.0, n_estimators=100,
                       n_jobs=-1, oob_score=False, random_state=8789, verbose=0,
                       warm_start=False), feature_name=None, fit_kwargs=None, groups=None, label=False, plot=auc, save=False, scale=1, system=True)
2021-11-05 12:48:42,065:INFO:Checking exceptions
2021-11-05 12:48:42,142:INFO:Preparing display monitor
2021-11-05 12:48:42,162:INFO:Preloading libraries
2021-11-05 12:48:42,207:INFO:Copying training dataset
2021-11-05 12:48:42,209:INFO:Copying test dataset
2021-11-05 12:48:42,210:INFO:Plot type: auc
2021-11-05 12:48:43,024:INFO:Fitting Model
2021-11-05 12:48:43,024:INFO:Scoring test/hold-out set
2021-11-05 12:48:43,793:INFO:Visual Rendered Successfully
2021-11-05 12:48:44,054:INFO:plot_model() succesfully completed......................................
2021-11-05 12:49:13,112:INFO:Initializing plot_model()
2021-11-05 12:49:13,112:INFO:plot_model(fold=None, use_train_data=False, verbose=True, is_in_evaluate=False, display=None, display_format=None, estimator=RandomForestClassifier(bootstrap=True, ccp_alpha=0.0, class_weight=None,
                       criterion='gini', max_depth=None, max_features='auto',
                       max_leaf_nodes=None, max_samples=None,
                       min_impurity_decrease=0.0, min_impurity_split=None,
                       min_samples_leaf=1, min_samples_split=2,
                       min_weight_fraction_leaf=0.0, n_estimators=100,
                       n_jobs=-1, oob_score=False, random_state=8789, verbose=0,
                       warm_start=False), feature_name=None, fit_kwargs=None, groups=None, label=False, plot=feature, save=False, scale=1, system=True)
2021-11-05 12:49:13,112:INFO:Checking exceptions
2021-11-05 12:49:13,192:INFO:Preparing display monitor
2021-11-05 12:49:13,219:INFO:Preloading libraries
2021-11-05 12:49:13,253:INFO:Copying training dataset
2021-11-05 12:49:13,253:INFO:Copying test dataset
2021-11-05 12:49:13,253:INFO:Plot type: feature
2021-11-05 12:49:13,378:WARNING:No coef_ found. Trying feature_importances_
2021-11-05 12:49:14,107:INFO:Visual Rendered Successfully
2021-11-05 12:49:14,377:INFO:plot_model() succesfully completed......................................
2021-11-05 12:49:42,701:INFO:Initializing plot_model()
2021-11-05 12:49:42,701:INFO:plot_model(fold=None, use_train_data=False, verbose=True, is_in_evaluate=False, display=None, display_format=None, estimator=RandomForestClassifier(bootstrap=True, ccp_alpha=0.0, class_weight=None,
                       criterion='gini', max_depth=None, max_features='auto',
                       max_leaf_nodes=None, max_samples=None,
                       min_impurity_decrease=0.0, min_impurity_split=None,
                       min_samples_leaf=1, min_samples_split=2,
                       min_weight_fraction_leaf=0.0, n_estimators=100,
                       n_jobs=-1, oob_score=False, random_state=8789, verbose=0,
                       warm_start=False), feature_name=None, fit_kwargs=None, groups=None, label=False, plot=confusion_matrix, save=False, scale=1, system=True)
2021-11-05 12:49:42,701:INFO:Checking exceptions
2021-11-05 12:49:42,755:INFO:Preparing display monitor
2021-11-05 12:49:42,781:INFO:Preloading libraries
2021-11-05 12:49:42,821:INFO:Copying training dataset
2021-11-05 12:49:42,822:INFO:Copying test dataset
2021-11-05 12:49:42,824:INFO:Plot type: confusion_matrix
2021-11-05 12:49:42,947:INFO:Fitting Model
2021-11-05 12:49:42,951:INFO:Scoring test/hold-out set
2021-11-05 12:49:43,570:INFO:Visual Rendered Successfully
2021-11-05 12:49:43,826:INFO:plot_model() succesfully completed......................................
2021-11-05 12:50:53,806:INFO:Initializing finalize_model()
2021-11-05 12:50:53,806:INFO:finalize_model(estimator=RandomForestClassifier(bootstrap=True, ccp_alpha=0.0, class_weight=None,
                       criterion='gini', max_depth=None, max_features='auto',
                       max_leaf_nodes=None, max_samples=None,
                       min_impurity_decrease=0.0, min_impurity_split=None,
                       min_samples_leaf=1, min_samples_split=2,
                       min_weight_fraction_leaf=0.0, n_estimators=100,
                       n_jobs=-1, oob_score=False, random_state=8789, verbose=0,
                       warm_start=False), fit_kwargs=None, groups=None, model_only=True, display=None)
2021-11-05 12:50:53,811:INFO:Finalizing RandomForestClassifier(bootstrap=True, ccp_alpha=0.0, class_weight=None,
                       criterion='gini', max_depth=None, max_features='auto',
                       max_leaf_nodes=None, max_samples=None,
                       min_impurity_decrease=0.0, min_impurity_split=None,
                       min_samples_leaf=1, min_samples_split=2,
                       min_weight_fraction_leaf=0.0, n_estimators=100,
                       n_jobs=-1, oob_score=False, random_state=8789, verbose=0,
                       warm_start=False)
2021-11-05 12:50:53,814:INFO:Initializing create_model()
2021-11-05 12:50:53,815:INFO:create_model(estimator=RandomForestClassifier(bootstrap=True, ccp_alpha=0.0, class_weight=None,
                       criterion='gini', max_depth=None, max_features='auto',
                       max_leaf_nodes=None, max_samples=None,
                       min_impurity_decrease=0.0, min_impurity_split=None,
                       min_samples_leaf=1, min_samples_split=2,
                       min_weight_fraction_leaf=0.0, n_estimators=100,
                       n_jobs=-1, oob_score=False, random_state=8789, verbose=0,
                       warm_start=False), fold=None, round=4, cross_validation=True, predict=True, fit_kwargs={}, groups=None, refit=True, verbose=False, system=False, metrics=None, add_to_model_list=False, display=None, kwargs={})
2021-11-05 12:50:53,816:INFO:Checking exceptions
2021-11-05 12:50:53,816:INFO:Importing libraries
2021-11-05 12:50:53,817:INFO:Copying training dataset
2021-11-05 12:50:53,817:INFO:Defining folds
2021-11-05 12:50:53,819:INFO:Declaring metric variables
2021-11-05 12:50:53,820:INFO:Importing untrained model
2021-11-05 12:50:53,822:INFO:Declaring custom model
2021-11-05 12:50:53,822:INFO:Random Forest Classifier Imported succesfully
2021-11-05 12:50:53,828:INFO:Starting cross validation
2021-11-05 12:50:53,831:INFO:Cross validating with StratifiedKFold(n_splits=10, random_state=None, shuffle=False), n_jobs=1
2021-11-05 12:51:26,668:INFO:Calculating mean and std
2021-11-05 12:51:26,668:INFO:Creating metrics dataframe
2021-11-05 12:51:26,694:INFO:Finalizing model
2021-11-05 12:51:27,636:INFO:create_model_container: 17
2021-11-05 12:51:27,636:INFO:master_model_container: 17
2021-11-05 12:51:27,636:INFO:display_container: 5
2021-11-05 12:51:27,637:INFO:RandomForestClassifier(bootstrap=True, ccp_alpha=0.0, class_weight=None,
                       criterion='gini', max_depth=None, max_features='auto',
                       max_leaf_nodes=None, max_samples=None,
                       min_impurity_decrease=0.0, min_impurity_split=None,
                       min_samples_leaf=1, min_samples_split=2,
                       min_weight_fraction_leaf=0.0, n_estimators=100,
                       n_jobs=-1, oob_score=False, random_state=8789, verbose=0,
                       warm_start=False)
2021-11-05 12:51:27,637:INFO:create_model() succesfully completed......................................
2021-11-05 12:51:27,916:INFO:create_model_container: 17
2021-11-05 12:51:27,916:INFO:master_model_container: 17
2021-11-05 12:51:27,916:INFO:display_container: 4
2021-11-05 12:51:27,916:INFO:RandomForestClassifier(bootstrap=True, ccp_alpha=0.0, class_weight=None,
                       criterion='gini', max_depth=None, max_features='auto',
                       max_leaf_nodes=None, max_samples=None,
                       min_impurity_decrease=0.0, min_impurity_split=None,
                       min_samples_leaf=1, min_samples_split=2,
                       min_weight_fraction_leaf=0.0, n_estimators=100,
                       n_jobs=-1, oob_score=False, random_state=8789, verbose=0,
                       warm_start=False)
2021-11-05 12:51:27,916:INFO:finalize_model() succesfully completed......................................
2021-11-05 12:53:01,763:INFO:Initializing save_model()
2021-11-05 12:53:01,763:INFO:save_model(model=RandomForestClassifier(bootstrap=True, ccp_alpha=0.0, class_weight=None,
                       criterion='gini', max_depth=None, max_features='auto',
                       max_leaf_nodes=None, max_samples=None,
                       min_impurity_decrease=0.0, min_impurity_split=None,
                       min_samples_leaf=1, min_samples_split=2,
                       min_weight_fraction_leaf=0.0, n_estimators=100,
                       n_jobs=-1, oob_score=False, random_state=8789, verbose=0,
                       warm_start=False), model_name=Diabetes, prep_pipe_=Pipeline(memory=None,
         steps=[('dtypes',
                 DataTypes_Auto_infer(categorical_features=[],
                                      display_types=True, features_todrop=[],
                                      id_columns=[],
                                      ml_usecase='classification',
                                      numerical_features=[], target='Outcome',
                                      time_features=[])),
                ('imputer',
                 Simple_Imputer(categorical_strategy='not_available',
                                fill_value_categorical=None,
                                fill_value_numerical=None,
                                numeric_stra...
                ('scaling', 'passthrough'), ('P_transform', 'passthrough'),
                ('binn', 'passthrough'), ('rem_outliers', 'passthrough'),
                ('cluster_all', 'passthrough'),
                ('dummy', Dummify(target='Outcome')),
                ('fix_perfect', Remove_100(target='Outcome')),
                ('clean_names', Clean_Colum_Names()),
                ('feature_select', 'passthrough'), ('fix_multi', 'passthrough'),
                ('dfs', 'passthrough'), ('pca', 'passthrough')],
         verbose=False), verbose=True, kwargs={})
2021-11-05 12:53:01,763:INFO:Adding model into prep_pipe
2021-11-05 12:53:01,912:INFO:Diabetes.pkl saved in current working directory
2021-11-05 12:53:01,920:INFO:Pipeline(memory=None,
         steps=[('dtypes',
                 DataTypes_Auto_infer(categorical_features=[],
                                      display_types=True, features_todrop=[],
                                      id_columns=[],
                                      ml_usecase='classification',
                                      numerical_features=[], target='Outcome',
                                      time_features=[])),
                ('imputer',
                 Simple_Imputer(categorical_strategy='not_available',
                                fill_value_categorical=None,
                                fill_value_numerical=None,
                                numeric_stra...
                 RandomForestClassifier(bootstrap=True, ccp_alpha=0.0,
                                        class_weight=None, criterion='gini',
                                        max_depth=None, max_features='auto',
                                        max_leaf_nodes=None, max_samples=None,
                                        min_impurity_decrease=0.0,
                                        min_impurity_split=None,
                                        min_samples_leaf=1, min_samples_split=2,
                                        min_weight_fraction_leaf=0.0,
                                        n_estimators=100, n_jobs=-1,
                                        oob_score=False, random_state=8789,
                                        verbose=0, warm_start=False)]],
         verbose=False)
2021-11-05 12:53:01,920:INFO:save_model() successfully completed......................................
